[2023-01-07 20:45:29] local.INFO: App\Http\Controllers\Site\SiteController, method: index {"user":"Админ","request":[]} 
[2023-01-07 20:45:39] local.INFO: App\Http\Controllers\Documents\DocumentController, method: index {"user":"Админ","request":[]} 
[2023-01-07 20:46:17] local.INFO: App\Http\Controllers\Documents\DocumentController, method: index {"user":"Админ","request":[]} 
[2023-01-07 20:46:26] local.INFO: App\Http\Controllers\Site\SiteController, method: index {"user":"Админ","request":[]} 
[2023-01-07 20:46:28] local.INFO: App\Http\Controllers\Tasks\TaskController, method: index {"user":"Админ","request":[]} 
[2023-01-07 20:46:29] local.INFO: App\Http\Controllers\Documents\DocumentController, method: index {"user":"Админ","request":[]} 
[2023-01-07 20:51:31] local.INFO: App\Http\Controllers\Documents\DocumentController, method: index {"user":"Админ","request":[]} 
[2023-01-07 20:52:22] local.INFO: App\Http\Controllers\Site\SiteController, method: index {"user":"Админ","request":[]} 
[2023-01-07 20:58:46] local.INFO: App\Http\Controllers\Site\SiteController, method: index {"user":"Иван Иванович","request":[]} 
[2023-01-07 20:58:55] local.INFO: App\Http\Controllers\Tasks\TaskController, method: index {"user":"Иван Иванович","request":[]} 
[2023-01-07 20:59:47] local.INFO: App\Http\Controllers\Documents\DocumentController, method: index {"user":"Иван Иванович","request":[]} 
[2023-01-07 20:59:50] local.INFO: App\Http\Controllers\Users\UserController, method: index {"user":"Иван Иванович","request":[]} 
[2023-01-07 20:59:52] local.INFO: App\Http\Controllers\Profile\ProfileController, method: show {"user":"Иван Иванович"} 
[2023-01-07 21:00:09] local.INFO: App\Http\Controllers\Site\SiteController, method: index {"user":"Иван Иванович","request":[]} 
[2023-01-07 21:02:09] local.INFO: App\Http\Controllers\Tasks\TaskController, method: store {"user":"Иван Иванович","request":{"_token":"JZSyrBLW622l0oXm2BCAjKL7t6BnkB6cwlGpraib","_method":"post","file_uuid":"982b782c-b2bf-4d95-90eb-8a36a8361f3e","description":"Провести занятие с работниками архива","priority_uuid":"d3d1081d-7db0-4867-a77c-09bfc75ff4a0","responsible_uuid":"37eb9897-568a-4af1-a0a8-244d3f697487","deadline_at":"2023-01-09"}} 
[2023-01-07 21:02:09] local.INFO: App\Http\Controllers\Tasks\TaskController, method: show {"user":"Иван Иванович","task":"982b7c18-1ff6-43fa-804c-b6604b15bb61"} 
[2023-01-07 21:02:20] local.INFO: App\Http\Controllers\Tasks\TaskController, method: index {"user":"Иван Иванович","request":[]} 
[2023-01-07 21:02:32] local.INFO: App\Http\Controllers\Site\SiteController, method: index {"user":"Иван Иванович","request":[]} 
[2023-01-07 21:02:42] local.INFO: App\Http\Controllers\Tasks\TaskController, method: index {"user":"Иван Иванович","request":[]} 
[2023-01-07 21:02:44] local.INFO: App\Http\Controllers\Documents\DocumentController, method: index {"user":"Иван Иванович","request":[]} 
[2023-01-07 21:02:54] local.INFO: App\Http\Controllers\Users\UserController, method: index {"user":"Иван Иванович","request":[]} 
[2023-01-07 21:02:56] local.INFO: App\Http\Controllers\Profile\ProfileController, method: show {"user":"Иван Иванович"} 
[2023-01-07 21:03:00] local.INFO: App\Http\Controllers\Tasks\TaskController, method: index {"user":"Иван Иванович","request":[]} 
[2023-01-07 21:03:14] local.INFO: App\Http\Controllers\Site\SiteController, method: index {"user":"Админ","request":[]} 
[2023-01-07 21:03:19] local.INFO: App\Http\Controllers\Tasks\TaskController, method: index {"user":"Админ","request":[]} 
[2023-01-07 21:03:21] local.INFO: App\Http\Controllers\Site\SiteController, method: index {"user":"Админ","request":[]} 
[2023-01-07 21:03:24] local.INFO: App\Http\Controllers\Documents\DocumentController, method: index {"user":"Админ","request":[]} 
[2023-01-07 21:03:26] local.INFO: App\Http\Controllers\Site\SiteController, method: index {"user":"Админ","request":[]} 
[2023-01-07 21:03:30] local.INFO: App\Http\Controllers\Documents\DocumentController, method: index {"user":"Админ","request":[]} 
[2023-01-07 21:03:35] local.INFO: App\Http\Controllers\Users\UserController, method: index {"user":"Админ","request":[]} 
[2023-01-07 21:03:37] local.INFO: App\Http\Controllers\Profile\ProfileController, method: show {"user":"Админ"} 
[2023-01-07 21:03:56] local.INFO: App\Http\Controllers\Site\SiteController, method: index {"user":"Геннадий Иванович","request":[]} 
[2023-01-07 21:04:01] local.INFO: App\Http\Controllers\Tasks\TaskController, method: index {"user":"Геннадий Иванович","request":[]} 
[2023-01-07 21:04:05] local.INFO: App\Http\Controllers\Site\SiteController, method: index {"user":"Геннадий Иванович","request":[]} 
[2023-01-07 21:04:09] local.INFO: App\Http\Controllers\Documents\DocumentController, method: index {"user":"Геннадий Иванович","request":[]} 
[2023-01-07 21:04:13] local.INFO: App\Http\Controllers\Users\UserController, method: index {"user":"Геннадий Иванович","request":[]} 
[2023-01-07 21:04:15] local.INFO: App\Http\Controllers\Profile\ProfileController, method: show {"user":"Геннадий Иванович"} 
[2023-01-07 21:04:19] local.INFO: App\Http\Controllers\Tasks\TaskController, method: index {"user":"Геннадий Иванович","request":[]} 
[2023-01-07 21:04:21] local.INFO: App\Http\Controllers\Tasks\TaskController, method: show {"user":"Геннадий Иванович","task":"982b7c18-1ff6-43fa-804c-b6604b15bb61"} 
[2023-01-07 21:04:41] local.INFO: App\Http\Controllers\Tasks\TaskController, method: progress {"user":"Геннадий Иванович","task":"982b7c18-1ff6-43fa-804c-b6604b15bb61"} 
[2023-01-07 21:07:15] local.INFO: App\Http\Controllers\Tasks\TaskController, method: progress_update {"user":"Геннадий Иванович","task":"982b7c18-1ff6-43fa-804c-b6604b15bb61","request":{"_token":"Wq359JYlaBtFJT6WMEF5uOomMzHsCUYEinA961oK","_method":"patch","comment":"Занятие запланировано на 8 января 16:30. Сотрудники проинформированы о месте и времени проведения занятия","done_progress":"50"}} 
[2023-01-07 21:07:15] local.INFO: App\Http\Controllers\Tasks\TaskController, method: show {"user":"Геннадий Иванович","task":"982b7c18-1ff6-43fa-804c-b6604b15bb61"} 
[2023-01-07 21:07:21] local.INFO: App\Http\Controllers\Site\SiteController, method: index {"user":"Геннадий Иванович","request":[]} 
[2023-01-07 21:07:30] local.INFO: App\Http\Controllers\Documents\DocumentController, method: index {"user":"Геннадий Иванович","request":[]} 
[2023-01-07 21:09:14] local.INFO: App\Http\Controllers\Site\SiteController, method: index {"user":"Ольга Олеговна","request":[]} 
[2023-01-07 21:09:22] local.INFO: App\Http\Controllers\Documents\DocumentController, method: index {"user":"Ольга Олеговна","request":[]} 
[2023-01-07 21:15:34] local.INFO: App\Http\Controllers\Documents\DocumentController, method: index {"user":"Ольга Олеговна","request":[]} 
[2023-01-07 21:15:58] local.INFO: App\Http\Controllers\Site\SiteController, method: index {"user":"Ольга Олеговна","request":[]} 
[2023-01-07 21:16:20] local.INFO: App\Http\Controllers\Site\SiteController, method: index {"user":"Иван Иванович","request":[]} 
[2023-01-07 21:19:10] local.INFO: App\Http\Controllers\Tasks\TaskController, method: store {"user":"Иван Иванович","request":{"_token":"lrIu3GqOhWp7UT4iLvUICrkMNZZH65M5mEDLwFmt","_method":"post","file_uuid":"982b80d2-82b2-4f74-ba49-8d2520557314","description":"Разослать для ознакомления по учреждениям","priority_uuid":"d3d1081d-7db0-4867-a77c-09bfc75ff4a0","responsible_uuid":"e75fb917-4d70-44d2-8560-c785aff50780","deadline_at":"2023-01-07"}} 
[2023-01-07 21:19:10] local.INFO: App\Http\Controllers\Tasks\TaskController, method: show {"user":"Иван Иванович","task":"982b822d-96e9-4090-8958-2c2c2ce37ae1"} 
[2023-01-07 21:19:14] local.INFO: App\Http\Controllers\Tasks\TaskController, method: index {"user":"Иван Иванович","request":[]} 
[2023-01-07 21:19:45] local.INFO: App\Http\Controllers\Site\SiteController, method: index {"user":"Иван Иванович","request":[]} 
[2023-01-07 21:19:50] local.INFO: App\Http\Controllers\Site\SiteController, method: index {"user":"Иван Иванович","request":[]} 
[2023-01-07 21:19:51] local.INFO: App\Http\Controllers\Site\SiteController, method: index {"user":"Иван Иванович","request":[]} 
[2023-01-07 21:20:01] local.INFO: App\Http\Controllers\Site\SiteController, method: index {"user":"Иван Иванович","request":[]} 
[2023-01-07 21:20:05] local.INFO: App\Http\Controllers\Documents\DocumentController, method: index {"user":"Иван Иванович","request":[]} 
[2023-01-07 21:20:14] local.INFO: App\Http\Controllers\Site\SiteController, method: index {"user":"Иван Иванович","request":[]} 
[2023-01-07 21:20:48] local.INFO: App\Http\Controllers\Site\SiteController, method: index {"user":"Анатолий Иванович","request":[]} 
[2023-01-07 21:21:11] local.INFO: App\Http\Controllers\Tasks\TaskController, method: index {"user":"Анатолий Иванович","request":[]} 
[2023-01-07 21:21:23] local.INFO: App\Http\Controllers\Tasks\TaskController, method: show {"user":"Анатолий Иванович","task":"982b822d-96e9-4090-8958-2c2c2ce37ae1"} 
[2023-01-07 21:21:41] local.INFO: App\Http\Controllers\Tasks\TaskController, method: progress {"user":"Анатолий Иванович","task":"982b822d-96e9-4090-8958-2c2c2ce37ae1"} 
[2023-01-07 21:22:41] local.INFO: App\Http\Controllers\Tasks\TaskController, method: progress_update {"user":"Анатолий Иванович","task":"982b822d-96e9-4090-8958-2c2c2ce37ae1","request":{"_token":"Y1hR9LKcMT3AlchehiogPgEzWaJ1EV2jM2Ddj0Ps","_method":"patch","comment":"Разослано всем организациям по эл.почте","done_progress":"100"}} 
[2023-01-07 21:22:41] local.INFO: App\Http\Controllers\Tasks\TaskController, method: show {"user":"Анатолий Иванович","task":"982b822d-96e9-4090-8958-2c2c2ce37ae1"} 
[2023-01-07 21:22:44] local.INFO: App\Http\Controllers\Tasks\TaskController, method: index {"user":"Анатолий Иванович","request":[]} 
[2023-01-07 21:22:47] local.INFO: App\Http\Controllers\Site\SiteController, method: index {"user":"Анатолий Иванович","request":[]} 
[2023-01-07 21:22:51] local.INFO: App\Http\Controllers\Site\SiteController, method: index {"user":"Анатолий Иванович","request":[]} 
[2023-01-07 21:22:59] local.INFO: App\Http\Controllers\Documents\DocumentController, method: index {"user":"Анатолий Иванович","request":[]} 
[2023-01-07 21:23:20] local.INFO: App\Http\Controllers\Site\SiteController, method: index {"user":"Анатолий Иванович","request":[]} 
[2023-01-07 21:23:35] local.INFO: App\Http\Controllers\Site\SiteController, method: index {"user":"Иван Иванович","request":[]} 
[2023-01-07 21:23:53] local.INFO: App\Http\Controllers\Tasks\TaskController, method: index {"user":"Иван Иванович","request":[]} 
[2023-01-07 21:23:59] local.INFO: App\Http\Controllers\Site\SiteController, method: index {"user":"Иван Иванович","request":[]} 
[2023-01-07 21:24:03] local.INFO: App\Http\Controllers\Tasks\TaskController, method: index {"user":"Иван Иванович","request":[]} 
[2023-01-07 21:24:16] local.INFO: App\Http\Controllers\Documents\DocumentController, method: index {"user":"Иван Иванович","request":[]} 
[2023-01-07 21:24:35] local.INFO: App\Http\Controllers\Site\SiteController, method: index {"user":"Ольга Олеговна","request":[]} 
[2023-01-07 21:24:40] local.INFO: App\Http\Controllers\Documents\DocumentController, method: index {"user":"Ольга Олеговна","request":[]} 
[2023-01-07 21:24:48] local.INFO: App\Http\Controllers\Documents\DocumentController, method: index {"user":"Ольга Олеговна","request":[]} 
[2023-01-07 21:25:59] local.INFO: App\Http\Controllers\Documents\DocumentController, method: index {"user":"Ольга Олеговна","request":[]} 
[2023-01-07 21:26:08] local.INFO: App\Http\Controllers\Site\SiteController, method: index {"user":"Ольга Олеговна","request":[]} 
[2023-01-07 21:26:22] local.INFO: App\Http\Controllers\Tasks\TaskController, method: index {"user":"Ольга Олеговна","request":[]} 
[2023-01-07 21:26:23] local.INFO: App\Http\Controllers\Tasks\TaskController, method: create {"user":"Ольга Олеговна"} 
[2023-01-07 21:26:41] local.INFO: App\Http\Controllers\Site\SiteController, method: index {"user":"Борис Иванович","request":[]} 
[2023-01-07 21:26:48] local.INFO: App\Http\Controllers\Tasks\TaskController, method: index {"user":"Борис Иванович","request":[]} 
[2023-01-07 21:26:49] local.INFO: App\Http\Controllers\Tasks\TaskController, method: create {"user":"Борис Иванович"} 
[2023-01-07 21:28:05] local.INFO: App\Http\Controllers\Tasks\TaskController, method: store {"user":"Борис Иванович","request":{"_token":"4l0wFJJRi0RbtwRQORcixE0V6ToGRdauKmnxUsdJ","priority_uuid":"d3d1081d-7db0-4867-a77c-09bfc75ff4a0","deadline_at":"2023-01-09T14:30","description":"Совещание каб.21","file_uuid":null,"responsible_uuid":"b775b419-cfd2-4ae6-ad2b-a3a4e5d39343"}} 
[2023-01-07 21:28:05] local.INFO: App\Http\Controllers\Tasks\TaskController, method: show {"user":"Борис Иванович","task":"982b855d-b3da-4e16-a624-4e92ceec3514"} 
[2023-01-07 21:28:08] local.INFO: App\Http\Controllers\Tasks\TaskController, method: index {"user":"Борис Иванович","request":[]} 
[2023-01-07 21:28:41] local.INFO: App\Http\Controllers\Site\SiteController, method: index {"user":"Вера Борисовна","request":[]} 
[2023-01-07 21:28:51] local.INFO: App\Http\Controllers\Tasks\TaskController, method: show {"user":"Вера Борисовна","task":"982b855d-b3da-4e16-a624-4e92ceec3514"} 
[2023-01-07 21:28:55] local.INFO: App\Http\Controllers\Tasks\TaskController, method: progress {"user":"Вера Борисовна","task":"982b855d-b3da-4e16-a624-4e92ceec3514"} 
[2023-01-07 21:29:17] local.INFO: App\Http\Controllers\Tasks\TaskController, method: progress_update {"user":"Вера Борисовна","task":"982b855d-b3da-4e16-a624-4e92ceec3514","request":{"_token":"FZPRD89ER9oWsbAYrYHYQu3kUVzlOf0tYnLrldwG","_method":"patch","comment":"О проведении совещания все оповещены","done_progress":"50"}} 
[2023-01-07 21:29:17] local.INFO: App\Http\Controllers\Tasks\TaskController, method: show {"user":"Вера Борисовна","task":"982b855d-b3da-4e16-a624-4e92ceec3514"} 
[2023-01-07 21:29:21] local.INFO: App\Http\Controllers\Tasks\TaskController, method: index {"user":"Вера Борисовна","request":[]} 
[2023-01-07 21:29:38] local.INFO: App\Http\Controllers\Site\SiteController, method: index {"user":"Борис Иванович","request":[]} 
[2023-01-07 21:29:46] local.INFO: App\Http\Controllers\Tasks\TaskController, method: index {"user":"Борис Иванович","request":[]} 
[2023-01-07 21:29:52] local.INFO: App\Http\Controllers\Tasks\TaskController, method: index {"user":"Борис Иванович","request":[]} 
[2023-01-07 21:29:53] local.INFO: App\Http\Controllers\Site\SiteController, method: index {"user":"Борис Иванович","request":[]} 
[2023-01-07 21:29:54] local.INFO: App\Http\Controllers\Site\SiteController, method: index {"user":"Борис Иванович","request":[]} 
[2023-01-07 21:29:55] local.INFO: App\Http\Controllers\Tasks\TaskController, method: index {"user":"Борис Иванович","request":[]} 
[2023-01-07 21:30:06] local.INFO: App\Http\Controllers\Tasks\TaskController, method: show {"user":"Борис Иванович","task":"982b855d-b3da-4e16-a624-4e92ceec3514"} 
[2023-01-07 21:30:13] local.INFO: App\Http\Controllers\Tasks\TaskController, method: progress {"user":"Борис Иванович","task":"982b855d-b3da-4e16-a624-4e92ceec3514"} 
[2023-01-07 21:30:26] local.INFO: App\Http\Controllers\Site\SiteController, method: index {"user":"Борис Иванович","request":[]} 
