[2022-12-28 14:45:59] local.ERROR: Unable to prepare route [site] for serialization. Another route has already been assigned name [site.index]. {"exception":"[object] (LogicException(code: 0): Unable to prepare route [site] for serialization. Another route has already been assigned name [site.index]. at /var/www/scrum-l.local/vendor/laravel/framework/src/Illuminate/Routing/AbstractRouteCollection.php:247)
[stacktrace]
#0 /var/www/scrum-l.local/vendor/laravel/framework/src/Illuminate/Routing/AbstractRouteCollection.php(208): Illuminate\\Routing\\AbstractRouteCollection->addToSymfonyRoutesCollection()
#1 /var/www/scrum-l.local/vendor/laravel/framework/src/Illuminate/Routing/RouteCollection.php(246): Illuminate\\Routing\\AbstractRouteCollection->toSymfonyRouteCollection()
#2 /var/www/scrum-l.local/vendor/laravel/framework/src/Illuminate/Routing/AbstractRouteCollection.php(192): Illuminate\\Routing\\RouteCollection->toSymfonyRouteCollection()
#3 /var/www/scrum-l.local/vendor/laravel/framework/src/Illuminate/Routing/AbstractRouteCollection.php(163): Illuminate\\Routing\\AbstractRouteCollection->dumper()
#4 /var/www/scrum-l.local/vendor/laravel/framework/src/Illuminate/Foundation/Console/RouteCacheCommand.php(120): Illuminate\\Routing\\AbstractRouteCollection->compile()
#5 /var/www/scrum-l.local/vendor/laravel/framework/src/Illuminate/Foundation/Console/RouteCacheCommand.php(79): Illuminate\\Foundation\\Console\\RouteCacheCommand->buildRouteCacheFile()
#6 /var/www/scrum-l.local/vendor/laravel/framework/src/Illuminate/Container/BoundMethod.php(36): Illuminate\\Foundation\\Console\\RouteCacheCommand->handle()
#7 /var/www/scrum-l.local/vendor/laravel/framework/src/Illuminate/Container/Util.php(41): Illuminate\\Container\\BoundMethod::Illuminate\\Container\\{closure}()
#8 /var/www/scrum-l.local/vendor/laravel/framework/src/Illuminate/Container/BoundMethod.php(93): Illuminate\\Container\\Util::unwrapIfClosure()
#9 /var/www/scrum-l.local/vendor/laravel/framework/src/Illuminate/Container/BoundMethod.php(37): Illuminate\\Container\\BoundMethod::callBoundMethod()
#10 /var/www/scrum-l.local/vendor/laravel/framework/src/Illuminate/Container/Container.php(651): Illuminate\\Container\\BoundMethod::call()
#11 /var/www/scrum-l.local/vendor/laravel/framework/src/Illuminate/Console/Command.php(182): Illuminate\\Container\\Container->call()
#12 /var/www/scrum-l.local/vendor/symfony/console/Command/Command.php(312): Illuminate\\Console\\Command->execute()
#13 /var/www/scrum-l.local/vendor/laravel/framework/src/Illuminate/Console/Command.php(152): Symfony\\Component\\Console\\Command\\Command->run()
#14 /var/www/scrum-l.local/vendor/symfony/console/Application.php(1022): Illuminate\\Console\\Command->run()
#15 /var/www/scrum-l.local/vendor/symfony/console/Application.php(314): Symfony\\Component\\Console\\Application->doRunCommand()
#16 /var/www/scrum-l.local/vendor/symfony/console/Application.php(168): Symfony\\Component\\Console\\Application->doRun()
#17 /var/www/scrum-l.local/vendor/laravel/framework/src/Illuminate/Console/Application.php(102): Symfony\\Component\\Console\\Application->run()
#18 /var/www/scrum-l.local/vendor/laravel/framework/src/Illuminate/Foundation/Console/Kernel.php(155): Illuminate\\Console\\Application->run()
#19 /var/www/scrum-l.local/artisan(37): Illuminate\\Foundation\\Console\\Kernel->handle()
#20 {main}
"} 
[2022-12-28 14:48:32] local.ERROR: Unable to prepare route [site] for serialization. Another route has already been assigned name [site.index]. {"exception":"[object] (LogicException(code: 0): Unable to prepare route [site] for serialization. Another route has already been assigned name [site.index]. at /var/www/scrum-l.local/vendor/laravel/framework/src/Illuminate/Routing/AbstractRouteCollection.php:247)
[stacktrace]
#0 /var/www/scrum-l.local/vendor/laravel/framework/src/Illuminate/Routing/AbstractRouteCollection.php(208): Illuminate\\Routing\\AbstractRouteCollection->addToSymfonyRoutesCollection()
#1 /var/www/scrum-l.local/vendor/laravel/framework/src/Illuminate/Routing/RouteCollection.php(246): Illuminate\\Routing\\AbstractRouteCollection->toSymfonyRouteCollection()
#2 /var/www/scrum-l.local/vendor/laravel/framework/src/Illuminate/Routing/AbstractRouteCollection.php(192): Illuminate\\Routing\\RouteCollection->toSymfonyRouteCollection()
#3 /var/www/scrum-l.local/vendor/laravel/framework/src/Illuminate/Routing/AbstractRouteCollection.php(163): Illuminate\\Routing\\AbstractRouteCollection->dumper()
#4 /var/www/scrum-l.local/vendor/laravel/framework/src/Illuminate/Foundation/Console/RouteCacheCommand.php(120): Illuminate\\Routing\\AbstractRouteCollection->compile()
#5 /var/www/scrum-l.local/vendor/laravel/framework/src/Illuminate/Foundation/Console/RouteCacheCommand.php(79): Illuminate\\Foundation\\Console\\RouteCacheCommand->buildRouteCacheFile()
#6 /var/www/scrum-l.local/vendor/laravel/framework/src/Illuminate/Container/BoundMethod.php(36): Illuminate\\Foundation\\Console\\RouteCacheCommand->handle()
#7 /var/www/scrum-l.local/vendor/laravel/framework/src/Illuminate/Container/Util.php(41): Illuminate\\Container\\BoundMethod::Illuminate\\Container\\{closure}()
#8 /var/www/scrum-l.local/vendor/laravel/framework/src/Illuminate/Container/BoundMethod.php(93): Illuminate\\Container\\Util::unwrapIfClosure()
#9 /var/www/scrum-l.local/vendor/laravel/framework/src/Illuminate/Container/BoundMethod.php(37): Illuminate\\Container\\BoundMethod::callBoundMethod()
#10 /var/www/scrum-l.local/vendor/laravel/framework/src/Illuminate/Container/Container.php(651): Illuminate\\Container\\BoundMethod::call()
#11 /var/www/scrum-l.local/vendor/laravel/framework/src/Illuminate/Console/Command.php(182): Illuminate\\Container\\Container->call()
#12 /var/www/scrum-l.local/vendor/symfony/console/Command/Command.php(312): Illuminate\\Console\\Command->execute()
#13 /var/www/scrum-l.local/vendor/laravel/framework/src/Illuminate/Console/Command.php(152): Symfony\\Component\\Console\\Command\\Command->run()
#14 /var/www/scrum-l.local/vendor/symfony/console/Application.php(1022): Illuminate\\Console\\Command->run()
#15 /var/www/scrum-l.local/vendor/symfony/console/Application.php(314): Symfony\\Component\\Console\\Application->doRunCommand()
#16 /var/www/scrum-l.local/vendor/symfony/console/Application.php(168): Symfony\\Component\\Console\\Application->doRun()
#17 /var/www/scrum-l.local/vendor/laravel/framework/src/Illuminate/Console/Application.php(102): Symfony\\Component\\Console\\Application->run()
#18 /var/www/scrum-l.local/vendor/laravel/framework/src/Illuminate/Foundation/Console/Kernel.php(155): Illuminate\\Console\\Application->run()
#19 /var/www/scrum-l.local/artisan(37): Illuminate\\Foundation\\Console\\Kernel->handle()
#20 {main}
"} 
[2022-12-28 14:49:50] local.INFO: App\Http\Controllers\Site\SiteController, method: index {"user":"Админ"} 
[2022-12-28 14:49:58] local.INFO: App\Http\Controllers\Tasks\TaskController, method: index {"user":"Админ","request":[]} 
[2022-12-28 14:50:00] local.INFO: App\Http\Controllers\Documents\DocumentController, method: index {"user":"Админ","request":[]} 
[2022-12-28 14:50:01] local.INFO: App\Http\Controllers\Roles\RoleController, method: index {"user":"Админ","request":[]} 
[2022-12-28 14:50:03] local.INFO: App\Http\Controllers\Tasks\TaskController, method: index {"user":"Админ","request":[]} 
[2022-12-28 14:58:40] local.INFO: App\Http\Controllers\Site\SiteController, method: index {"user":"Админ"} 
[2022-12-28 14:58:44] local.INFO: App\Http\Controllers\Tasks\TaskController, method: index {"user":"Админ","request":[]} 
[2022-12-28 14:58:51] local.INFO: App\Http\Controllers\Users\UserController, method: index {"user":"Админ","request":[]} 
[2022-12-28 14:58:56] local.INFO: App\Http\Controllers\Users\UserController, method: show {"user":"Админ"} 
[2022-12-28 14:59:02] local.INFO: App\Http\Controllers\Users\UserController, method: index {"user":"Админ","request":[]} 
[2022-12-28 14:59:04] local.INFO: App\Http\Controllers\Users\UserController, method: index {"user":"Админ","request":{"page":"4"}} 
[2022-12-28 14:59:04] local.INFO: App\Http\Controllers\Users\UserController, method: show {"user":"Админ"} 
[2022-12-28 14:59:13] local.INFO: App\Http\Controllers\Tasks\TaskController, method: index {"user":"Админ","request":[]} 
[2022-12-28 15:15:23] local.ERROR: file_put_contents(/var/www/scrum-l.local/storage/framework/views/fe7ac885eac7bd9de4fe463aeb057acdc4878714.php): Failed to open stream: Permission denied {"exception":"[object] (ErrorException(code: 0): file_put_contents(/var/www/scrum-l.local/storage/framework/views/fe7ac885eac7bd9de4fe463aeb057acdc4878714.php): Failed to open stream: Permission denied at /var/www/scrum-l.local/vendor/laravel/framework/src/Illuminate/Filesystem/Filesystem.php:190)
[stacktrace]
#0 /var/www/scrum-l.local/vendor/laravel/framework/src/Illuminate/Foundation/Bootstrap/HandleExceptions.php(266): Illuminate\\Foundation\\Bootstrap\\HandleExceptions->handleError()
#1 [internal function]: Illuminate\\Foundation\\Bootstrap\\HandleExceptions->Illuminate\\Foundation\\Bootstrap\\{closure}()
#2 /var/www/scrum-l.local/vendor/laravel/framework/src/Illuminate/Filesystem/Filesystem.php(190): file_put_contents()
#3 /var/www/scrum-l.local/vendor/laravel/framework/src/Illuminate/View/Compilers/BladeCompiler.php(184): Illuminate\\Filesystem\\Filesystem->put()
#4 /var/www/scrum-l.local/vendor/laravel/framework/src/Illuminate/View/Engines/CompilerEngine.php(62): Illuminate\\View\\Compilers\\BladeCompiler->compile()
#5 /var/www/scrum-l.local/vendor/laravel/framework/src/Illuminate/View/View.php(152): Illuminate\\View\\Engines\\CompilerEngine->get()
#6 /var/www/scrum-l.local/vendor/laravel/framework/src/Illuminate/View/View.php(135): Illuminate\\View\\View->getContents()
#7 /var/www/scrum-l.local/vendor/laravel/framework/src/Illuminate/View/View.php(104): Illuminate\\View\\View->renderContents()
#8 /var/www/scrum-l.local/vendor/laravel/framework/src/Illuminate/Http/Response.php(69): Illuminate\\View\\View->render()
#9 /var/www/scrum-l.local/vendor/laravel/framework/src/Illuminate/Http/Response.php(35): Illuminate\\Http\\Response->setContent()
#10 /var/www/scrum-l.local/vendor/laravel/framework/src/Illuminate/Routing/Router.php(906): Illuminate\\Http\\Response->__construct()
#11 /var/www/scrum-l.local/vendor/laravel/framework/src/Illuminate/Routing/Router.php(875): Illuminate\\Routing\\Router::toResponse()
#12 /var/www/scrum-l.local/vendor/laravel/framework/src/Illuminate/Routing/Router.php(798): Illuminate\\Routing\\Router->prepareResponse()
#13 /var/www/scrum-l.local/vendor/laravel/framework/src/Illuminate/Pipeline/Pipeline.php(141): Illuminate\\Routing\\Router->Illuminate\\Routing\\{closure}()
#14 /var/www/scrum-l.local/app/Http/Middleware/RedirectIfAuthenticated.php(30): Illuminate\\Pipeline\\Pipeline->Illuminate\\Pipeline\\{closure}()
#15 /var/www/scrum-l.local/vendor/laravel/framework/src/Illuminate/Pipeline/Pipeline.php(180): App\\Http\\Middleware\\RedirectIfAuthenticated->handle()
#16 /var/www/scrum-l.local/vendor/laravel/framework/src/Illuminate/Routing/Middleware/SubstituteBindings.php(50): Illuminate\\Pipeline\\Pipeline->Illuminate\\Pipeline\\{closure}()
#17 /var/www/scrum-l.local/vendor/laravel/framework/src/Illuminate/Pipeline/Pipeline.php(180): Illuminate\\Routing\\Middleware\\SubstituteBindings->handle()
#18 /var/www/scrum-l.local/vendor/laravel/framework/src/Illuminate/Foundation/Http/Middleware/VerifyCsrfToken.php(78): Illuminate\\Pipeline\\Pipeline->Illuminate\\Pipeline\\{closure}()
#19 /var/www/scrum-l.local/vendor/laravel/framework/src/Illuminate/Pipeline/Pipeline.php(180): Illuminate\\Foundation\\Http\\Middleware\\VerifyCsrfToken->handle()
#20 /var/www/scrum-l.local/vendor/laravel/framework/src/Illuminate/View/Middleware/ShareErrorsFromSession.php(49): Illuminate\\Pipeline\\Pipeline->Illuminate\\Pipeline\\{closure}()
#21 /var/www/scrum-l.local/vendor/laravel/framework/src/Illuminate/Pipeline/Pipeline.php(180): Illuminate\\View\\Middleware\\ShareErrorsFromSession->handle()
#22 /var/www/scrum-l.local/vendor/laravel/framework/src/Illuminate/Session/Middleware/StartSession.php(121): Illuminate\\Pipeline\\Pipeline->Illuminate\\Pipeline\\{closure}()
#23 /var/www/scrum-l.local/vendor/laravel/framework/src/Illuminate/Session/Middleware/StartSession.php(64): Illuminate\\Session\\Middleware\\StartSession->handleStatefulRequest()
#24 /var/www/scrum-l.local/vendor/laravel/framework/src/Illuminate/Pipeline/Pipeline.php(180): Illuminate\\Session\\Middleware\\StartSession->handle()
#25 /var/www/scrum-l.local/vendor/laravel/framework/src/Illuminate/Cookie/Middleware/AddQueuedCookiesToResponse.php(37): Illuminate\\Pipeline\\Pipeline->Illuminate\\Pipeline\\{closure}()
#26 /var/www/scrum-l.local/vendor/laravel/framework/src/Illuminate/Pipeline/Pipeline.php(180): Illuminate\\Cookie\\Middleware\\AddQueuedCookiesToResponse->handle()
#27 /var/www/scrum-l.local/vendor/laravel/framework/src/Illuminate/Cookie/Middleware/EncryptCookies.php(67): Illuminate\\Pipeline\\Pipeline->Illuminate\\Pipeline\\{closure}()
#28 /var/www/scrum-l.local/vendor/laravel/framework/src/Illuminate/Pipeline/Pipeline.php(180): Illuminate\\Cookie\\Middleware\\EncryptCookies->handle()
#29 /var/www/scrum-l.local/vendor/laravel/framework/src/Illuminate/Pipeline/Pipeline.php(116): Illuminate\\Pipeline\\Pipeline->Illuminate\\Pipeline\\{closure}()
#30 /var/www/scrum-l.local/vendor/laravel/framework/src/Illuminate/Routing/Router.php(799): Illuminate\\Pipeline\\Pipeline->then()
#31 /var/www/scrum-l.local/vendor/laravel/framework/src/Illuminate/Routing/Router.php(776): Illuminate\\Routing\\Router->runRouteWithinStack()
#32 /var/www/scrum-l.local/vendor/laravel/framework/src/Illuminate/Routing/Router.php(740): Illuminate\\Routing\\Router->runRoute()
#33 /var/www/scrum-l.local/vendor/laravel/framework/src/Illuminate/Routing/Router.php(729): Illuminate\\Routing\\Router->dispatchToRoute()
#34 /var/www/scrum-l.local/vendor/laravel/framework/src/Illuminate/Foundation/Http/Kernel.php(190): Illuminate\\Routing\\Router->dispatch()
#35 /var/www/scrum-l.local/vendor/laravel/framework/src/Illuminate/Pipeline/Pipeline.php(141): Illuminate\\Foundation\\Http\\Kernel->Illuminate\\Foundation\\Http\\{closure}()
#36 /var/www/scrum-l.local/vendor/laravel/framework/src/Illuminate/Foundation/Http/Middleware/TransformsRequest.php(21): Illuminate\\Pipeline\\Pipeline->Illuminate\\Pipeline\\{closure}()
#37 /var/www/scrum-l.local/vendor/laravel/framework/src/Illuminate/Foundation/Http/Middleware/ConvertEmptyStringsToNull.php(31): Illuminate\\Foundation\\Http\\Middleware\\TransformsRequest->handle()
#38 /var/www/scrum-l.local/vendor/laravel/framework/src/Illuminate/Pipeline/Pipeline.php(180): Illuminate\\Foundation\\Http\\Middleware\\ConvertEmptyStringsToNull->handle()
#39 /var/www/scrum-l.local/vendor/laravel/framework/src/Illuminate/Foundation/Http/Middleware/TransformsRequest.php(21): Illuminate\\Pipeline\\Pipeline->Illuminate\\Pipeline\\{closure}()
#40 /var/www/scrum-l.local/vendor/laravel/framework/src/Illuminate/Foundation/Http/Middleware/TrimStrings.php(40): Illuminate\\Foundation\\Http\\Middleware\\TransformsRequest->handle()
#41 /var/www/scrum-l.local/vendor/laravel/framework/src/Illuminate/Pipeline/Pipeline.php(180): Illuminate\\Foundation\\Http\\Middleware\\TrimStrings->handle()
#42 /var/www/scrum-l.local/vendor/laravel/framework/src/Illuminate/Foundation/Http/Middleware/ValidatePostSize.php(27): Illuminate\\Pipeline\\Pipeline->Illuminate\\Pipeline\\{closure}()
#43 /var/www/scrum-l.local/vendor/laravel/framework/src/Illuminate/Pipeline/Pipeline.php(180): Illuminate\\Foundation\\Http\\Middleware\\ValidatePostSize->handle()
#44 /var/www/scrum-l.local/vendor/laravel/framework/src/Illuminate/Foundation/Http/Middleware/PreventRequestsDuringMaintenance.php(86): Illuminate\\Pipeline\\Pipeline->Illuminate\\Pipeline\\{closure}()
#45 /var/www/scrum-l.local/vendor/laravel/framework/src/Illuminate/Pipeline/Pipeline.php(180): Illuminate\\Foundation\\Http\\Middleware\\PreventRequestsDuringMaintenance->handle()
#46 /var/www/scrum-l.local/vendor/laravel/framework/src/Illuminate/Http/Middleware/HandleCors.php(49): Illuminate\\Pipeline\\Pipeline->Illuminate\\Pipeline\\{closure}()
#47 /var/www/scrum-l.local/vendor/laravel/framework/src/Illuminate/Pipeline/Pipeline.php(180): Illuminate\\Http\\Middleware\\HandleCors->handle()
#48 /var/www/scrum-l.local/vendor/laravel/framework/src/Illuminate/Http/Middleware/TrustProxies.php(39): Illuminate\\Pipeline\\Pipeline->Illuminate\\Pipeline\\{closure}()
#49 /var/www/scrum-l.local/vendor/laravel/framework/src/Illuminate/Pipeline/Pipeline.php(180): Illuminate\\Http\\Middleware\\TrustProxies->handle()
#50 /var/www/scrum-l.local/vendor/laravel/framework/src/Illuminate/Pipeline/Pipeline.php(116): Illuminate\\Pipeline\\Pipeline->Illuminate\\Pipeline\\{closure}()
#51 /var/www/scrum-l.local/vendor/laravel/framework/src/Illuminate/Foundation/Http/Kernel.php(165): Illuminate\\Pipeline\\Pipeline->then()
#52 /var/www/scrum-l.local/vendor/laravel/framework/src/Illuminate/Foundation/Http/Kernel.php(134): Illuminate\\Foundation\\Http\\Kernel->sendRequestThroughRouter()
#53 /var/www/scrum-l.local/public/index.php(52): Illuminate\\Foundation\\Http\\Kernel->handle()
#54 {main}
"} 
[2022-12-28 15:15:49] local.INFO: App\Http\Controllers\Site\SiteController, method: index {"user":"Админ","request":[]} 
[2022-12-28 15:15:56] local.INFO: App\Http\Controllers\Tasks\TaskController, method: index {"user":"Админ","request":[]} 
[2022-12-28 15:15:58] local.INFO: App\Http\Controllers\Site\SiteController, method: index {"user":"Админ","request":[]} 
[2022-12-28 15:16:00] local.INFO: App\Http\Controllers\Tasks\TaskController, method: index {"user":"Админ","request":[]} 
[2022-12-28 15:16:02] local.INFO: App\Http\Controllers\Roles\RoleController, method: index {"user":"Админ","request":[]} 
[2022-12-28 15:16:06] local.INFO: App\Http\Controllers\Users\UserController, method: index {"user":"Админ","request":[]} 
[2022-12-28 15:16:10] local.INFO: App\Http\Controllers\Users\UserController, method: index {"user":"Админ","request":{"page":"4"}} 
[2022-12-28 15:16:13] local.INFO: App\Http\Controllers\Users\UserController, method: show {"user":"Админ"} 
[2022-12-28 15:20:21] local.INFO: App\Http\Controllers\Site\SiteController, method: index {"user":"Богдан Анатольевич","request":[]} 
[2022-12-28 15:20:27] local.INFO: App\Http\Controllers\Tasks\TaskController, method: index {"user":"Богдан Анатольевич","request":[]} 
[2022-12-28 15:20:45] local.INFO: App\Http\Controllers\Site\SiteController, method: index {"user":"Анатолий Иванович","request":[]} 
[2022-12-28 15:20:50] local.INFO: App\Http\Controllers\Tasks\TaskController, method: index {"user":"Анатолий Иванович","request":[]} 
[2022-12-28 15:20:54] local.INFO: App\Http\Controllers\Tasks\TaskController, method: create {"user":"Анатолий Иванович"} 
[2022-12-28 15:22:24] local.INFO: App\Http\Controllers\Tasks\TaskController, method: store {"user":"Анатолий Иванович","request":{"_token":"PYnPLHZyIcEeFUd2vX9wIw3Z6MeBbwdMrbqLCz58","priority_uuid":"8645f054-a9a9-422d-a8bd-051e8025afd0","deadline_at":"2022-12-29T17:21","description":"Подготовить кабинет к Новогодним праздникам","file_uuid":null,"responsible_uuid":"997b70af-8ffd-45e1-9937-02378284d93c"}} 
[2022-12-28 15:22:24] local.INFO: App\Http\Controllers\Tasks\TaskController, method: show {"user":"Анатолий Иванович","task":"9816e4be-f5c4-445d-82bf-ce56b13f182e"} 
[2022-12-28 15:22:33] local.INFO: App\Http\Controllers\Tasks\TaskController, method: progress {"user":"Анатолий Иванович","task":"9816e4be-f5c4-445d-82bf-ce56b13f182e"} 
[2022-12-28 15:22:40] local.INFO: App\Http\Controllers\Tasks\TaskController, method: edit {"user":"Анатолий Иванович","task":"9816e4be-f5c4-445d-82bf-ce56b13f182e"} 
[2022-12-28 15:22:58] local.INFO: App\Http\Controllers\Tasks\TaskController, method: index {"user":"Анатолий Иванович","request":[]} 
[2022-12-28 15:23:26] local.INFO: App\Http\Controllers\Site\SiteController, method: index {"user":"Артем Анатольевич","request":[]} 
[2022-12-28 15:23:45] local.INFO: App\Http\Controllers\Site\SiteController, method: index {"user":"Богдан Анатольевич","request":[]} 
[2022-12-28 15:23:58] local.INFO: App\Http\Controllers\Site\SiteController, method: index {"user":"Админ","request":[]} 
[2022-12-28 15:25:08] local.INFO: App\Http\Controllers\Roles\RoleController, method: index {"user":"Админ","request":[]} 
[2022-12-28 15:25:45] local.INFO: App\Http\Controllers\Site\SiteController, method: index {"user":"Анатолий Иванович","request":[]} 
[2022-12-28 15:25:51] local.INFO: App\Http\Controllers\Tasks\TaskController, method: show {"user":"Анатолий Иванович","task":"9816e4be-f5c4-445d-82bf-ce56b13f182e"} 
[2022-12-28 15:26:14] local.INFO: App\Http\Controllers\Tasks\TaskController, method: index {"user":"Анатолий Иванович","request":[]} 
[2022-12-28 15:26:16] local.INFO: App\Http\Controllers\Tasks\TaskController, method: create {"user":"Анатолий Иванович"} 
[2022-12-28 15:28:14] local.INFO: App\Http\Controllers\Tasks\TaskController, method: store {"user":"Анатолий Иванович","request":{"_token":"aSsP6Ov8mqznBtsE6pdD9xrVqrUjEaOO1zxXnKiS","priority_uuid":"8645f054-a9a9-422d-a8bd-051e8025afd0","deadline_at":"2022-12-30T17:27","description":"Проверить помещения на противопожарную безопасность","file_uuid":null,"responsible_uuid":"871ccdbe-067e-45ad-9926-c723b08eaec4"}} 
[2022-12-28 15:28:14] local.INFO: App\Http\Controllers\Tasks\TaskController, method: show {"user":"Анатолий Иванович","task":"9816e6d5-8824-46e0-8785-41cf5eb11b66"} 
[2022-12-28 15:28:25] local.INFO: App\Http\Controllers\Site\SiteController, method: index {"user":"Анатолий Иванович","request":[]} 
[2022-12-28 15:28:45] local.INFO: App\Http\Controllers\Site\SiteController, method: index {"user":"Иван Иванович","request":[]} 
[2022-12-28 15:28:52] local.INFO: App\Http\Controllers\Tasks\TaskController, method: index {"user":"Иван Иванович","request":[]} 
[2022-12-28 15:29:10] local.INFO: App\Http\Controllers\Tasks\TaskController, method: create {"user":"Иван Иванович"} 
[2022-12-28 15:30:11] local.INFO: App\Http\Controllers\Tasks\TaskController, method: store {"user":"Иван Иванович","request":{"_token":"aREB2dNiXLhxAXaAJDGOyiorp9dCKiZjXeYpbwSD","priority_uuid":"1a655b35-aeeb-4f54-be64-e9a8dff8c932","deadline_at":"2022-12-29T09:00","description":"Совещание","file_uuid":null,"responsible_uuid":"e75fb917-4d70-44d2-8560-c785aff50780"}} 
[2022-12-28 15:30:12] local.INFO: App\Http\Controllers\Tasks\TaskController, method: show {"user":"Иван Иванович","task":"9816e788-b0eb-4328-90fe-c0be8d896b8d"} 
[2022-12-28 15:30:14] local.INFO: App\Http\Controllers\Site\SiteController, method: index {"user":"Иван Иванович","request":[]} 
[2022-12-28 15:30:19] local.INFO: App\Http\Controllers\Tasks\TaskController, method: index {"user":"Иван Иванович","request":[]} 
[2022-12-28 15:30:21] local.INFO: App\Http\Controllers\Site\SiteController, method: index {"user":"Иван Иванович","request":[]} 
[2022-12-28 15:30:49] local.INFO: App\Http\Controllers\Site\SiteController, method: index {"user":"Анатолий Иванович","request":[]} 
[2022-12-28 15:34:12] local.INFO: App\Http\Controllers\Tasks\TaskController, method: index {"user":"Анатолий Иванович","request":[]} 
[2022-12-28 15:34:14] local.INFO: App\Http\Controllers\Site\SiteController, method: index {"user":"Анатолий Иванович","request":[]} 
[2022-12-28 15:35:01] local.INFO: App\Http\Controllers\Tasks\TaskController, method: index {"user":"Анатолий Иванович","request":[]} 
[2022-12-28 15:35:03] local.INFO: App\Http\Controllers\Tasks\TaskController, method: create {"user":"Анатолий Иванович"} 
[2022-12-28 15:36:14] local.INFO: App\Http\Controllers\Tasks\TaskController, method: store {"user":"Анатолий Иванович","request":{"_token":"5hx4D224aN3lMf7XnMNiUu93DuT3IZ17dHvq5YjU","priority_uuid":"8645f054-a9a9-422d-a8bd-051e8025afd0","deadline_at":"2022-12-28T19:00","description":"Подготовить поздравительные письма","file_uuid":null,"responsible_uuid":"e7474977-f7d3-4e0b-ae11-49c14f6c2c26"}} 
[2022-12-28 15:36:14] local.INFO: App\Http\Controllers\Tasks\TaskController, method: show {"user":"Анатолий Иванович","task":"9816e9b2-617c-4ddd-ae4f-7c1450e1dea1"} 
[2022-12-28 15:36:20] local.INFO: App\Http\Controllers\Tasks\TaskController, method: index {"user":"Анатолий Иванович","request":[]} 
[2022-12-28 15:36:44] local.INFO: App\Http\Controllers\Site\SiteController, method: index {"user":"Валерий Анатольевич","request":[]} 
[2022-12-28 15:36:50] local.INFO: App\Http\Controllers\Tasks\TaskController, method: index {"user":"Валерий Анатольевич","request":[]} 
[2022-12-28 15:36:53] local.INFO: App\Http\Controllers\Site\SiteController, method: index {"user":"Валерий Анатольевич","request":[]} 
[2022-12-28 15:36:54] local.INFO: App\Http\Controllers\Tasks\TaskController, method: show {"user":"Валерий Анатольевич","task":"9816e9b2-617c-4ddd-ae4f-7c1450e1dea1"} 
[2022-12-28 15:37:09] local.INFO: App\Http\Controllers\Tasks\TaskController, method: progress {"user":"Валерий Анатольевич","task":"9816e9b2-617c-4ddd-ae4f-7c1450e1dea1"} 
[2022-12-28 15:37:37] local.INFO: App\Http\Controllers\Tasks\TaskController, method: progress_update {"user":"Валерий Анатольевич","task":"9816e9b2-617c-4ddd-ae4f-7c1450e1dea1","request":{"_token":"qDt4uSm1ytJZkO1r9nUUeIGhxM2422lNMdgs6Ecd","_method":"patch","comment":"Поздравительные письма подготовлены","done_progress":"100"}} 
[2022-12-28 15:37:37] local.INFO: App\Http\Controllers\Tasks\TaskController, method: show {"user":"Валерий Анатольевич","task":"9816e9b2-617c-4ddd-ae4f-7c1450e1dea1"} 
[2022-12-28 15:37:41] local.INFO: App\Http\Controllers\Site\SiteController, method: index {"user":"Валерий Анатольевич","request":[]} 
[2022-12-28 15:37:54] local.INFO: App\Http\Controllers\Tasks\TaskController, method: index {"user":"Валерий Анатольевич","request":[]} 
[2022-12-28 15:37:57] local.INFO: App\Http\Controllers\Site\SiteController, method: index {"user":"Валерий Анатольевич","request":[]} 
[2022-12-28 15:43:25] local.INFO: App\Http\Controllers\Tasks\TaskController, method: index {"user":"Валерий Анатольевич","request":[]} 
[2022-12-28 15:52:24] local.INFO: App\Http\Controllers\Site\SiteController, method: index {"user":"Валерий Анатольевич","request":[]} 
[2022-12-28 15:52:49] local.INFO: App\Http\Controllers\Site\SiteController, method: index {"user":"Анатолий Иванович","request":[]} 
[2022-12-28 15:53:06] local.INFO: App\Http\Controllers\Site\SiteController, method: index {"user":"Иван Иванович","request":[]} 
[2022-12-28 15:53:16] local.INFO: App\Http\Controllers\Tasks\TaskController, method: index {"user":"Иван Иванович","request":[]} 
[2022-12-28 15:53:20] local.INFO: App\Http\Controllers\Site\SiteController, method: index {"user":"Иван Иванович","request":[]} 
[2022-12-28 15:53:36] local.INFO: App\Http\Controllers\Site\SiteController, method: index {"user":"Анатолий Иванович","request":[]} 
[2022-12-28 15:53:52] local.INFO: App\Http\Controllers\Tasks\TaskController, method: index {"user":"Анатолий Иванович","request":[]} 
[2022-12-28 15:53:54] local.INFO: App\Http\Controllers\Tasks\TaskController, method: create {"user":"Анатолий Иванович"} 
[2022-12-28 15:54:07] local.INFO: App\Http\Controllers\Site\SiteController, method: index {"user":"Ольга Олеговна","request":[]} 
[2022-12-28 15:54:14] local.INFO: App\Http\Controllers\Documents\DocumentController, method: index {"user":"Ольга Олеговна","request":[]} 
[2022-12-28 15:56:05] local.INFO: App\Http\Controllers\Documents\DocumentController, method: index {"user":"Ольга Олеговна","request":[]} 
[2022-12-28 15:56:33] local.INFO: App\Http\Controllers\Documents\DocumentController, method: index {"user":"Ольга Олеговна","request":[]} 
[2022-12-28 15:56:59] local.INFO: App\Http\Controllers\Site\SiteController, method: index {"user":"Анатолий Иванович","request":[]} 
[2022-12-28 15:57:21] local.INFO: App\Http\Controllers\Site\SiteController, method: index {"user":"Валерий Анатольевич","request":[]} 
[2022-12-28 15:57:24] local.INFO: App\Http\Controllers\Tasks\TaskController, method: show {"user":"Валерий Анатольевич","task":"9816e9b2-617c-4ddd-ae4f-7c1450e1dea1"} 
[2022-12-28 15:57:31] local.INFO: App\Http\Controllers\Tasks\TaskController, method: progress {"user":"Валерий Анатольевич","task":"9816e9b2-617c-4ddd-ae4f-7c1450e1dea1"} 
[2022-12-28 15:58:12] local.INFO: App\Http\Controllers\Site\SiteController, method: index {"user":"Анатолий Иванович","request":[]} 
[2022-12-28 15:58:17] local.INFO: App\Http\Controllers\Tasks\TaskController, method: index {"user":"Анатолий Иванович","request":[]} 
[2022-12-28 15:58:19] local.INFO: App\Http\Controllers\Tasks\TaskController, method: create {"user":"Анатолий Иванович"} 
[2022-12-28 15:59:22] local.INFO: App\Http\Controllers\Tasks\TaskController, method: store {"user":"Анатолий Иванович","request":{"_token":"BqweE8HooAUXnGVBadBdliotryZl2MS64lrH2Szn","priority_uuid":"8645f054-a9a9-422d-a8bd-051e8025afd0","deadline_at":"2022-12-31T17:58","description":"Определить возможность согласования документа","file_uuid":"9816f095-f828-4a36-8a25-13318e7c84bc","responsible_uuid":"a9dbf6a6-0ecf-4445-b612-f720eebfaf4e"}} 
[2022-12-28 15:59:22] local.INFO: App\Http\Controllers\Tasks\TaskController, method: show {"user":"Анатолий Иванович","task":"9816f1f7-7aca-48ef-a10a-64f509cdf73c"} 
[2022-12-28 15:59:33] local.INFO: App\Http\Controllers\Tasks\TaskController, method: edit {"user":"Анатолий Иванович","task":"9816f1f7-7aca-48ef-a10a-64f509cdf73c"} 
[2022-12-28 15:59:38] local.INFO: App\Http\Controllers\Site\SiteController, method: index {"user":"Анатолий Иванович","request":[]} 
[2022-12-28 16:00:02] local.INFO: App\Http\Controllers\Site\SiteController, method: index {"user":"Георгий Анатольевич","request":[]} 
[2022-12-28 16:00:08] local.INFO: App\Http\Controllers\Tasks\TaskController, method: show {"user":"Георгий Анатольевич","task":"9816f1f7-7aca-48ef-a10a-64f509cdf73c"} 
[2022-12-28 16:00:20] local.INFO: App\Http\Controllers\Tasks\TaskController, method: progress {"user":"Георгий Анатольевич","task":"9816f1f7-7aca-48ef-a10a-64f509cdf73c"} 
[2022-12-28 16:00:46] local.INFO: App\Http\Controllers\Tasks\TaskController, method: progress_update {"user":"Георгий Анатольевич","task":"9816f1f7-7aca-48ef-a10a-64f509cdf73c","request":{"_token":"J1gX3gQspCZzFsPORLmWKvmfa9ZNjAyo6uEH91UB","_method":"patch","comment":"Согласовать можно","done_progress":"80"}} 
[2022-12-28 16:00:46] local.INFO: App\Http\Controllers\Tasks\TaskController, method: show {"user":"Георгий Анатольевич","task":"9816f1f7-7aca-48ef-a10a-64f509cdf73c"} 
[2022-12-28 16:01:19] local.INFO: App\Http\Controllers\Site\SiteController, method: index {"user":"Георгий Анатольевич","request":[]} 
[2022-12-28 17:52:59] local.INFO: App\Http\Controllers\Site\SiteController, method: index {"user":"Георгий Анатольевич","request":[]} 
[2022-12-28 18:26:01] local.INFO: App\Http\Controllers\Site\SiteController, method: index {"user":"Георгий Анатольевич","request":[]} 
[2022-12-28 18:26:01] local.ERROR: syntax error, unexpected token "<" {"view":{"view":"/var/www/scrum-l.local/resources/views/index.blade.php","data":[]},"userId":"a9dbf6a6-0ecf-4445-b612-f720eebfaf4e","exception":"[object] (Spatie\\LaravelIgnition\\Exceptions\\ViewException(code: 0): syntax error, unexpected token \"<\" at /var/www/scrum-l.local/resources/views/index.blade.php:69)
[stacktrace]
#0 /var/www/scrum-l.local/vendor/laravel/framework/src/Illuminate/Filesystem/Filesystem.php(110): Illuminate\\Filesystem\\Filesystem::Illuminate\\Filesystem\\{closure}()
#1 /var/www/scrum-l.local/vendor/laravel/framework/src/Illuminate/View/Engines/PhpEngine.php(58): Illuminate\\Filesystem\\Filesystem->getRequire()
#2 /var/www/scrum-l.local/vendor/laravel/framework/src/Illuminate/View/Engines/CompilerEngine.php(70): Illuminate\\View\\Engines\\PhpEngine->evaluatePath()
#3 /var/www/scrum-l.local/vendor/laravel/framework/src/Illuminate/View/View.php(152): Illuminate\\View\\Engines\\CompilerEngine->get()
#4 /var/www/scrum-l.local/vendor/laravel/framework/src/Illuminate/View/View.php(135): Illuminate\\View\\View->getContents()
#5 /var/www/scrum-l.local/vendor/laravel/framework/src/Illuminate/View/View.php(104): Illuminate\\View\\View->renderContents()
#6 /var/www/scrum-l.local/vendor/laravel/framework/src/Illuminate/Http/Response.php(69): Illuminate\\View\\View->render()
#7 /var/www/scrum-l.local/vendor/laravel/framework/src/Illuminate/Http/Response.php(35): Illuminate\\Http\\Response->setContent()
#8 /var/www/scrum-l.local/vendor/laravel/framework/src/Illuminate/Routing/Router.php(906): Illuminate\\Http\\Response->__construct()
#9 /var/www/scrum-l.local/vendor/laravel/framework/src/Illuminate/Routing/Router.php(875): Illuminate\\Routing\\Router::toResponse()
#10 /var/www/scrum-l.local/vendor/laravel/framework/src/Illuminate/Routing/Router.php(798): Illuminate\\Routing\\Router->prepareResponse()
#11 /var/www/scrum-l.local/vendor/laravel/framework/src/Illuminate/Pipeline/Pipeline.php(141): Illuminate\\Routing\\Router->Illuminate\\Routing\\{closure}()
#12 /var/www/scrum-l.local/vendor/laravel/framework/src/Illuminate/Routing/Middleware/SubstituteBindings.php(50): Illuminate\\Pipeline\\Pipeline->Illuminate\\Pipeline\\{closure}()
#13 /var/www/scrum-l.local/vendor/laravel/framework/src/Illuminate/Pipeline/Pipeline.php(180): Illuminate\\Routing\\Middleware\\SubstituteBindings->handle()
#14 /var/www/scrum-l.local/vendor/laravel/framework/src/Illuminate/Auth/Middleware/Authenticate.php(44): Illuminate\\Pipeline\\Pipeline->Illuminate\\Pipeline\\{closure}()
#15 /var/www/scrum-l.local/vendor/laravel/framework/src/Illuminate/Pipeline/Pipeline.php(180): Illuminate\\Auth\\Middleware\\Authenticate->handle()
#16 /var/www/scrum-l.local/vendor/laravel/framework/src/Illuminate/Foundation/Http/Middleware/VerifyCsrfToken.php(78): Illuminate\\Pipeline\\Pipeline->Illuminate\\Pipeline\\{closure}()
#17 /var/www/scrum-l.local/vendor/laravel/framework/src/Illuminate/Pipeline/Pipeline.php(180): Illuminate\\Foundation\\Http\\Middleware\\VerifyCsrfToken->handle()
#18 /var/www/scrum-l.local/vendor/laravel/framework/src/Illuminate/View/Middleware/ShareErrorsFromSession.php(49): Illuminate\\Pipeline\\Pipeline->Illuminate\\Pipeline\\{closure}()
#19 /var/www/scrum-l.local/vendor/laravel/framework/src/Illuminate/Pipeline/Pipeline.php(180): Illuminate\\View\\Middleware\\ShareErrorsFromSession->handle()
#20 /var/www/scrum-l.local/vendor/laravel/framework/src/Illuminate/Session/Middleware/StartSession.php(121): Illuminate\\Pipeline\\Pipeline->Illuminate\\Pipeline\\{closure}()
#21 /var/www/scrum-l.local/vendor/laravel/framework/src/Illuminate/Session/Middleware/StartSession.php(64): Illuminate\\Session\\Middleware\\StartSession->handleStatefulRequest()
#22 /var/www/scrum-l.local/vendor/laravel/framework/src/Illuminate/Pipeline/Pipeline.php(180): Illuminate\\Session\\Middleware\\StartSession->handle()
#23 /var/www/scrum-l.local/vendor/laravel/framework/src/Illuminate/Cookie/Middleware/AddQueuedCookiesToResponse.php(37): Illuminate\\Pipeline\\Pipeline->Illuminate\\Pipeline\\{closure}()
#24 /var/www/scrum-l.local/vendor/laravel/framework/src/Illuminate/Pipeline/Pipeline.php(180): Illuminate\\Cookie\\Middleware\\AddQueuedCookiesToResponse->handle()
#25 /var/www/scrum-l.local/vendor/laravel/framework/src/Illuminate/Cookie/Middleware/EncryptCookies.php(67): Illuminate\\Pipeline\\Pipeline->Illuminate\\Pipeline\\{closure}()
#26 /var/www/scrum-l.local/vendor/laravel/framework/src/Illuminate/Pipeline/Pipeline.php(180): Illuminate\\Cookie\\Middleware\\EncryptCookies->handle()
#27 /var/www/scrum-l.local/vendor/laravel/framework/src/Illuminate/Pipeline/Pipeline.php(116): Illuminate\\Pipeline\\Pipeline->Illuminate\\Pipeline\\{closure}()
#28 /var/www/scrum-l.local/vendor/laravel/framework/src/Illuminate/Routing/Router.php(799): Illuminate\\Pipeline\\Pipeline->then()
#29 /var/www/scrum-l.local/vendor/laravel/framework/src/Illuminate/Routing/Router.php(776): Illuminate\\Routing\\Router->runRouteWithinStack()
#30 /var/www/scrum-l.local/vendor/laravel/framework/src/Illuminate/Routing/Router.php(740): Illuminate\\Routing\\Router->runRoute()
#31 /var/www/scrum-l.local/vendor/laravel/framework/src/Illuminate/Routing/Router.php(729): Illuminate\\Routing\\Router->dispatchToRoute()
#32 /var/www/scrum-l.local/vendor/laravel/framework/src/Illuminate/Foundation/Http/Kernel.php(190): Illuminate\\Routing\\Router->dispatch()
#33 /var/www/scrum-l.local/vendor/laravel/framework/src/Illuminate/Pipeline/Pipeline.php(141): Illuminate\\Foundation\\Http\\Kernel->Illuminate\\Foundation\\Http\\{closure}()
#34 /var/www/scrum-l.local/vendor/laravel/framework/src/Illuminate/Foundation/Http/Middleware/TransformsRequest.php(21): Illuminate\\Pipeline\\Pipeline->Illuminate\\Pipeline\\{closure}()
#35 /var/www/scrum-l.local/vendor/laravel/framework/src/Illuminate/Foundation/Http/Middleware/ConvertEmptyStringsToNull.php(31): Illuminate\\Foundation\\Http\\Middleware\\TransformsRequest->handle()
#36 /var/www/scrum-l.local/vendor/laravel/framework/src/Illuminate/Pipeline/Pipeline.php(180): Illuminate\\Foundation\\Http\\Middleware\\ConvertEmptyStringsToNull->handle()
#37 /var/www/scrum-l.local/vendor/laravel/framework/src/Illuminate/Foundation/Http/Middleware/TransformsRequest.php(21): Illuminate\\Pipeline\\Pipeline->Illuminate\\Pipeline\\{closure}()
#38 /var/www/scrum-l.local/vendor/laravel/framework/src/Illuminate/Foundation/Http/Middleware/TrimStrings.php(40): Illuminate\\Foundation\\Http\\Middleware\\TransformsRequest->handle()
#39 /var/www/scrum-l.local/vendor/laravel/framework/src/Illuminate/Pipeline/Pipeline.php(180): Illuminate\\Foundation\\Http\\Middleware\\TrimStrings->handle()
#40 /var/www/scrum-l.local/vendor/laravel/framework/src/Illuminate/Foundation/Http/Middleware/ValidatePostSize.php(27): Illuminate\\Pipeline\\Pipeline->Illuminate\\Pipeline\\{closure}()
#41 /var/www/scrum-l.local/vendor/laravel/framework/src/Illuminate/Pipeline/Pipeline.php(180): Illuminate\\Foundation\\Http\\Middleware\\ValidatePostSize->handle()
#42 /var/www/scrum-l.local/vendor/laravel/framework/src/Illuminate/Foundation/Http/Middleware/PreventRequestsDuringMaintenance.php(86): Illuminate\\Pipeline\\Pipeline->Illuminate\\Pipeline\\{closure}()
#43 /var/www/scrum-l.local/vendor/laravel/framework/src/Illuminate/Pipeline/Pipeline.php(180): Illuminate\\Foundation\\Http\\Middleware\\PreventRequestsDuringMaintenance->handle()
#44 /var/www/scrum-l.local/vendor/laravel/framework/src/Illuminate/Http/Middleware/HandleCors.php(49): Illuminate\\Pipeline\\Pipeline->Illuminate\\Pipeline\\{closure}()
#45 /var/www/scrum-l.local/vendor/laravel/framework/src/Illuminate/Pipeline/Pipeline.php(180): Illuminate\\Http\\Middleware\\HandleCors->handle()
#46 /var/www/scrum-l.local/vendor/laravel/framework/src/Illuminate/Http/Middleware/TrustProxies.php(39): Illuminate\\Pipeline\\Pipeline->Illuminate\\Pipeline\\{closure}()
#47 /var/www/scrum-l.local/vendor/laravel/framework/src/Illuminate/Pipeline/Pipeline.php(180): Illuminate\\Http\\Middleware\\TrustProxies->handle()
#48 /var/www/scrum-l.local/vendor/laravel/framework/src/Illuminate/Pipeline/Pipeline.php(116): Illuminate\\Pipeline\\Pipeline->Illuminate\\Pipeline\\{closure}()
#49 /var/www/scrum-l.local/vendor/laravel/framework/src/Illuminate/Foundation/Http/Kernel.php(165): Illuminate\\Pipeline\\Pipeline->then()
#50 /var/www/scrum-l.local/vendor/laravel/framework/src/Illuminate/Foundation/Http/Kernel.php(134): Illuminate\\Foundation\\Http\\Kernel->sendRequestThroughRouter()
#51 /var/www/scrum-l.local/public/index.php(52): Illuminate\\Foundation\\Http\\Kernel->handle()
#52 {main}

[previous exception] [object] (ParseError(code: 0): syntax error, unexpected token \"<\" at /var/www/scrum-l.local/storage/framework/views/8114596d01631ce56d24f4b405bde7fa37df1538.php:67)
[stacktrace]
#0 /var/www/scrum-l.local/vendor/laravel/framework/src/Illuminate/Filesystem/Filesystem.php(110): Illuminate\\Filesystem\\Filesystem::Illuminate\\Filesystem\\{closure}()
#1 /var/www/scrum-l.local/vendor/laravel/framework/src/Illuminate/View/Engines/PhpEngine.php(58): Illuminate\\Filesystem\\Filesystem->getRequire()
#2 /var/www/scrum-l.local/vendor/laravel/framework/src/Illuminate/View/Engines/CompilerEngine.php(70): Illuminate\\View\\Engines\\PhpEngine->evaluatePath()
#3 /var/www/scrum-l.local/vendor/laravel/framework/src/Illuminate/View/View.php(152): Illuminate\\View\\Engines\\CompilerEngine->get()
#4 /var/www/scrum-l.local/vendor/laravel/framework/src/Illuminate/View/View.php(135): Illuminate\\View\\View->getContents()
#5 /var/www/scrum-l.local/vendor/laravel/framework/src/Illuminate/View/View.php(104): Illuminate\\View\\View->renderContents()
#6 /var/www/scrum-l.local/vendor/laravel/framework/src/Illuminate/Http/Response.php(69): Illuminate\\View\\View->render()
#7 /var/www/scrum-l.local/vendor/laravel/framework/src/Illuminate/Http/Response.php(35): Illuminate\\Http\\Response->setContent()
#8 /var/www/scrum-l.local/vendor/laravel/framework/src/Illuminate/Routing/Router.php(906): Illuminate\\Http\\Response->__construct()
#9 /var/www/scrum-l.local/vendor/laravel/framework/src/Illuminate/Routing/Router.php(875): Illuminate\\Routing\\Router::toResponse()
#10 /var/www/scrum-l.local/vendor/laravel/framework/src/Illuminate/Routing/Router.php(798): Illuminate\\Routing\\Router->prepareResponse()
#11 /var/www/scrum-l.local/vendor/laravel/framework/src/Illuminate/Pipeline/Pipeline.php(141): Illuminate\\Routing\\Router->Illuminate\\Routing\\{closure}()
#12 /var/www/scrum-l.local/vendor/laravel/framework/src/Illuminate/Routing/Middleware/SubstituteBindings.php(50): Illuminate\\Pipeline\\Pipeline->Illuminate\\Pipeline\\{closure}()
#13 /var/www/scrum-l.local/vendor/laravel/framework/src/Illuminate/Pipeline/Pipeline.php(180): Illuminate\\Routing\\Middleware\\SubstituteBindings->handle()
#14 /var/www/scrum-l.local/vendor/laravel/framework/src/Illuminate/Auth/Middleware/Authenticate.php(44): Illuminate\\Pipeline\\Pipeline->Illuminate\\Pipeline\\{closure}()
#15 /var/www/scrum-l.local/vendor/laravel/framework/src/Illuminate/Pipeline/Pipeline.php(180): Illuminate\\Auth\\Middleware\\Authenticate->handle()
#16 /var/www/scrum-l.local/vendor/laravel/framework/src/Illuminate/Foundation/Http/Middleware/VerifyCsrfToken.php(78): Illuminate\\Pipeline\\Pipeline->Illuminate\\Pipeline\\{closure}()
#17 /var/www/scrum-l.local/vendor/laravel/framework/src/Illuminate/Pipeline/Pipeline.php(180): Illuminate\\Foundation\\Http\\Middleware\\VerifyCsrfToken->handle()
#18 /var/www/scrum-l.local/vendor/laravel/framework/src/Illuminate/View/Middleware/ShareErrorsFromSession.php(49): Illuminate\\Pipeline\\Pipeline->Illuminate\\Pipeline\\{closure}()
#19 /var/www/scrum-l.local/vendor/laravel/framework/src/Illuminate/Pipeline/Pipeline.php(180): Illuminate\\View\\Middleware\\ShareErrorsFromSession->handle()
#20 /var/www/scrum-l.local/vendor/laravel/framework/src/Illuminate/Session/Middleware/StartSession.php(121): Illuminate\\Pipeline\\Pipeline->Illuminate\\Pipeline\\{closure}()
#21 /var/www/scrum-l.local/vendor/laravel/framework/src/Illuminate/Session/Middleware/StartSession.php(64): Illuminate\\Session\\Middleware\\StartSession->handleStatefulRequest()
#22 /var/www/scrum-l.local/vendor/laravel/framework/src/Illuminate/Pipeline/Pipeline.php(180): Illuminate\\Session\\Middleware\\StartSession->handle()
#23 /var/www/scrum-l.local/vendor/laravel/framework/src/Illuminate/Cookie/Middleware/AddQueuedCookiesToResponse.php(37): Illuminate\\Pipeline\\Pipeline->Illuminate\\Pipeline\\{closure}()
#24 /var/www/scrum-l.local/vendor/laravel/framework/src/Illuminate/Pipeline/Pipeline.php(180): Illuminate\\Cookie\\Middleware\\AddQueuedCookiesToResponse->handle()
#25 /var/www/scrum-l.local/vendor/laravel/framework/src/Illuminate/Cookie/Middleware/EncryptCookies.php(67): Illuminate\\Pipeline\\Pipeline->Illuminate\\Pipeline\\{closure}()
#26 /var/www/scrum-l.local/vendor/laravel/framework/src/Illuminate/Pipeline/Pipeline.php(180): Illuminate\\Cookie\\Middleware\\EncryptCookies->handle()
#27 /var/www/scrum-l.local/vendor/laravel/framework/src/Illuminate/Pipeline/Pipeline.php(116): Illuminate\\Pipeline\\Pipeline->Illuminate\\Pipeline\\{closure}()
#28 /var/www/scrum-l.local/vendor/laravel/framework/src/Illuminate/Routing/Router.php(799): Illuminate\\Pipeline\\Pipeline->then()
#29 /var/www/scrum-l.local/vendor/laravel/framework/src/Illuminate/Routing/Router.php(776): Illuminate\\Routing\\Router->runRouteWithinStack()
#30 /var/www/scrum-l.local/vendor/laravel/framework/src/Illuminate/Routing/Router.php(740): Illuminate\\Routing\\Router->runRoute()
#31 /var/www/scrum-l.local/vendor/laravel/framework/src/Illuminate/Routing/Router.php(729): Illuminate\\Routing\\Router->dispatchToRoute()
#32 /var/www/scrum-l.local/vendor/laravel/framework/src/Illuminate/Foundation/Http/Kernel.php(190): Illuminate\\Routing\\Router->dispatch()
#33 /var/www/scrum-l.local/vendor/laravel/framework/src/Illuminate/Pipeline/Pipeline.php(141): Illuminate\\Foundation\\Http\\Kernel->Illuminate\\Foundation\\Http\\{closure}()
#34 /var/www/scrum-l.local/vendor/laravel/framework/src/Illuminate/Foundation/Http/Middleware/TransformsRequest.php(21): Illuminate\\Pipeline\\Pipeline->Illuminate\\Pipeline\\{closure}()
#35 /var/www/scrum-l.local/vendor/laravel/framework/src/Illuminate/Foundation/Http/Middleware/ConvertEmptyStringsToNull.php(31): Illuminate\\Foundation\\Http\\Middleware\\TransformsRequest->handle()
#36 /var/www/scrum-l.local/vendor/laravel/framework/src/Illuminate/Pipeline/Pipeline.php(180): Illuminate\\Foundation\\Http\\Middleware\\ConvertEmptyStringsToNull->handle()
#37 /var/www/scrum-l.local/vendor/laravel/framework/src/Illuminate/Foundation/Http/Middleware/TransformsRequest.php(21): Illuminate\\Pipeline\\Pipeline->Illuminate\\Pipeline\\{closure}()
#38 /var/www/scrum-l.local/vendor/laravel/framework/src/Illuminate/Foundation/Http/Middleware/TrimStrings.php(40): Illuminate\\Foundation\\Http\\Middleware\\TransformsRequest->handle()
#39 /var/www/scrum-l.local/vendor/laravel/framework/src/Illuminate/Pipeline/Pipeline.php(180): Illuminate\\Foundation\\Http\\Middleware\\TrimStrings->handle()
#40 /var/www/scrum-l.local/vendor/laravel/framework/src/Illuminate/Foundation/Http/Middleware/ValidatePostSize.php(27): Illuminate\\Pipeline\\Pipeline->Illuminate\\Pipeline\\{closure}()
#41 /var/www/scrum-l.local/vendor/laravel/framework/src/Illuminate/Pipeline/Pipeline.php(180): Illuminate\\Foundation\\Http\\Middleware\\ValidatePostSize->handle()
#42 /var/www/scrum-l.local/vendor/laravel/framework/src/Illuminate/Foundation/Http/Middleware/PreventRequestsDuringMaintenance.php(86): Illuminate\\Pipeline\\Pipeline->Illuminate\\Pipeline\\{closure}()
#43 /var/www/scrum-l.local/vendor/laravel/framework/src/Illuminate/Pipeline/Pipeline.php(180): Illuminate\\Foundation\\Http\\Middleware\\PreventRequestsDuringMaintenance->handle()
#44 /var/www/scrum-l.local/vendor/laravel/framework/src/Illuminate/Http/Middleware/HandleCors.php(49): Illuminate\\Pipeline\\Pipeline->Illuminate\\Pipeline\\{closure}()
#45 /var/www/scrum-l.local/vendor/laravel/framework/src/Illuminate/Pipeline/Pipeline.php(180): Illuminate\\Http\\Middleware\\HandleCors->handle()
#46 /var/www/scrum-l.local/vendor/laravel/framework/src/Illuminate/Http/Middleware/TrustProxies.php(39): Illuminate\\Pipeline\\Pipeline->Illuminate\\Pipeline\\{closure}()
#47 /var/www/scrum-l.local/vendor/laravel/framework/src/Illuminate/Pipeline/Pipeline.php(180): Illuminate\\Http\\Middleware\\TrustProxies->handle()
#48 /var/www/scrum-l.local/vendor/laravel/framework/src/Illuminate/Pipeline/Pipeline.php(116): Illuminate\\Pipeline\\Pipeline->Illuminate\\Pipeline\\{closure}()
#49 /var/www/scrum-l.local/vendor/laravel/framework/src/Illuminate/Foundation/Http/Kernel.php(165): Illuminate\\Pipeline\\Pipeline->then()
#50 /var/www/scrum-l.local/vendor/laravel/framework/src/Illuminate/Foundation/Http/Kernel.php(134): Illuminate\\Foundation\\Http\\Kernel->sendRequestThroughRouter()
#51 /var/www/scrum-l.local/public/index.php(52): Illuminate\\Foundation\\Http\\Kernel->handle()
#52 {main}
"} 
[2022-12-28 18:26:41] local.INFO: App\Http\Controllers\Site\SiteController, method: index {"user":"Георгий Анатольевич","request":[]} 
[2022-12-28 18:27:00] local.INFO: App\Http\Controllers\Site\SiteController, method: index {"user":"Георгий Анатольевич","request":[]} 
[2022-12-28 18:27:10] local.INFO: App\Http\Controllers\Tasks\TaskController, method: show {"user":"Георгий Анатольевич","task":"9816f1f7-7aca-48ef-a10a-64f509cdf73c"} 
[2022-12-28 18:27:14] local.INFO: App\Http\Controllers\Tasks\TaskController, method: edit {"user":"Георгий Анатольевич","task":"9816f1f7-7aca-48ef-a10a-64f509cdf73c"} 
[2022-12-28 18:27:19] local.INFO: App\Http\Controllers\Tasks\TaskController, method: update {"user":"Георгий Анатольевич","task":"9816f1f7-7aca-48ef-a10a-64f509cdf73c","request":{"_token":"J1gX3gQspCZzFsPORLmWKvmfa9ZNjAyo6uEH91UB","_method":"patch","priority_uuid":"8645f054-a9a9-422d-a8bd-051e8025afd0","deadline_at":"2022-12-31T17:58","description":"Определить возможность согласования документа","comment":"Согласовать можно","responsible_uuid":"a9dbf6a6-0ecf-4445-b612-f720eebfaf4e","done_progress":"5","file_uuid":null}} 
[2022-12-28 18:27:19] local.INFO: App\Http\Controllers\Tasks\TaskController, method: edit {"user":"Георгий Анатольевич","task":"9816f1f7-7aca-48ef-a10a-64f509cdf73c"} 
[2022-12-28 18:27:22] local.INFO: App\Http\Controllers\Tasks\TaskController, method: index {"user":"Георгий Анатольевич","request":[]} 
[2022-12-28 18:27:25] local.INFO: App\Http\Controllers\Site\SiteController, method: index {"user":"Георгий Анатольевич","request":[]} 
[2022-12-28 18:30:18] local.INFO: App\Http\Controllers\Tasks\TaskController, method: index {"user":"Георгий Анатольевич","request":[]} 
[2022-12-28 18:31:10] local.INFO: App\Http\Controllers\Tasks\TaskController, method: index {"user":"Георгий Анатольевич","request":[]} 
[2022-12-28 18:31:29] local.INFO: App\Http\Controllers\Tasks\TaskController, method: index {"user":"Георгий Анатольевич","request":[]} 
[2022-12-28 18:31:45] local.INFO: App\Http\Controllers\Tasks\TaskController, method: index {"user":"Георгий Анатольевич","request":[]} 
[2022-12-28 18:32:35] local.INFO: App\Http\Controllers\Tasks\TaskController, method: index {"user":"Георгий Анатольевич","request":[]} 
[2022-12-28 18:33:10] local.INFO: App\Http\Controllers\Tasks\TaskController, method: index {"user":"Георгий Анатольевич","request":[]} 
[2022-12-28 18:33:44] local.INFO: App\Http\Controllers\Site\SiteController, method: index {"user":"Георгий Анатольевич","request":[]} 
[2022-12-28 18:33:51] local.INFO: App\Http\Controllers\Tasks\TaskController, method: index {"user":"Георгий Анатольевич","request":[]} 
[2022-12-28 18:34:37] local.INFO: App\Http\Controllers\Tasks\TaskController, method: index {"user":"Георгий Анатольевич","request":[]} 
[2022-12-28 18:36:04] local.INFO: App\Http\Controllers\Tasks\TaskController, method: index {"user":"Георгий Анатольевич","request":[]} 
[2022-12-28 18:36:09] local.INFO: App\Http\Controllers\Tasks\TaskController, method: index {"user":"Георгий Анатольевич","request":[]} 
[2022-12-28 18:36:30] local.INFO: App\Http\Controllers\Tasks\TaskController, method: index {"user":"Георгий Анатольевич","request":[]} 
[2022-12-28 18:36:36] local.INFO: App\Http\Controllers\Tasks\TaskController, method: index {"user":"Георгий Анатольевич","request":[]} 
[2022-12-28 18:37:21] local.INFO: App\Http\Controllers\Tasks\TaskController, method: index {"user":"Георгий Анатольевич","request":[]} 
[2022-12-28 18:37:23] local.INFO: App\Http\Controllers\Tasks\TaskController, method: index {"user":"Георгий Анатольевич","request":[]} 
[2022-12-28 18:49:40] local.INFO: App\Http\Controllers\Site\SiteController, method: index {"user":"Георгий Анатольевич","request":[]} 
[2022-12-28 18:49:47] local.INFO: App\Http\Controllers\Profile\ProfileController, method: show {"user":"Георгий Анатольевич"} 
[2022-12-28 18:50:02] local.INFO: App\Http\Controllers\Site\SiteController, method: index {"user":"Георгий Анатольевич","request":[]} 
[2022-12-28 18:50:36] local.INFO: App\Http\Controllers\Tasks\TaskController, method: index {"user":"Георгий Анатольевич","request":[]} 
[2022-12-28 18:55:32] local.INFO: App\Http\Controllers\Tasks\TaskController, method: index {"user":"Георгий Анатольевич","request":[]} 
[2022-12-28 18:58:02] local.INFO: App\Http\Controllers\Tasks\TaskController, method: show {"user":"Георгий Анатольевич","task":"9816e788-b0eb-4328-90fe-c0be8d896b8d"} 
[2022-12-28 18:58:17] local.INFO: App\Http\Controllers\Tasks\TaskController, method: progress {"user":"Георгий Анатольевич","task":"9816e788-b0eb-4328-90fe-c0be8d896b8d"} 
[2022-12-28 18:58:26] local.INFO: App\Http\Controllers\Tasks\TaskController, method: progress {"user":"Георгий Анатольевич","task":"9816e788-b0eb-4328-90fe-c0be8d896b8d"} 
[2022-12-28 18:58:46] local.INFO: App\Http\Controllers\Tasks\TaskController, method: progress_update {"user":"Георгий Анатольевич","task":"9816e788-b0eb-4328-90fe-c0be8d896b8d","request":{"_token":"J1gX3gQspCZzFsPORLmWKvmfa9ZNjAyo6uEH91UB","_method":"patch","comment":"В процессе подготовки","done_progress":"25"}} 
[2022-12-28 18:58:47] local.INFO: App\Http\Controllers\Tasks\TaskController, method: show {"user":"Георгий Анатольевич","task":"9816e788-b0eb-4328-90fe-c0be8d896b8d"} 
[2022-12-28 18:58:51] local.INFO: App\Http\Controllers\Tasks\TaskController, method: edit {"user":"Георгий Анатольевич","task":"9816e788-b0eb-4328-90fe-c0be8d896b8d"} 
[2022-12-28 18:58:55] local.INFO: App\Http\Controllers\Tasks\TaskController, method: create_subtask {"user":"Георгий Анатольевич","task":"9816e788-b0eb-4328-90fe-c0be8d896b8d"} 
[2022-12-28 19:00:01] local.INFO: App\Http\Controllers\Tasks\TaskController, method: store {"user":"Георгий Анатольевич","request":{"_token":"J1gX3gQspCZzFsPORLmWKvmfa9ZNjAyo6uEH91UB","parent_uuid":"9816e788-b0eb-4328-90fe-c0be8d896b8d","priority_uuid":"1a655b35-aeeb-4f54-be64-e9a8dff8c932","deadline_at":"2022-12-29T08:50","description":"Подготовить отчет","files":"1","responsible_uuid":"a9dbf6a6-0ecf-4445-b612-f720eebfaf4e"}} 
[2022-12-28 19:00:02] local.ERROR: ErrorException: Undefined array key "file_uuid" in /var/www/scrum-l.local/app/Http/Controllers/Tasks/TaskController.php:147
Stack trace:
#0 /var/www/scrum-l.local/vendor/laravel/framework/src/Illuminate/Foundation/Bootstrap/HandleExceptions.php(266): Illuminate\Foundation\Bootstrap\HandleExceptions->handleError()
#1 /var/www/scrum-l.local/app/Http/Controllers/Tasks/TaskController.php(147): Illuminate\Foundation\Bootstrap\HandleExceptions->Illuminate\Foundation\Bootstrap\{closure}()
#2 /var/www/scrum-l.local/vendor/laravel/framework/src/Illuminate/Routing/Controller.php(54): App\Http\Controllers\Tasks\TaskController->store()
#3 /var/www/scrum-l.local/vendor/laravel/framework/src/Illuminate/Routing/ControllerDispatcher.php(43): Illuminate\Routing\Controller->callAction()
#4 /var/www/scrum-l.local/vendor/laravel/framework/src/Illuminate/Routing/Route.php(260): Illuminate\Routing\ControllerDispatcher->dispatch()
#5 /var/www/scrum-l.local/vendor/laravel/framework/src/Illuminate/Routing/Route.php(205): Illuminate\Routing\Route->runController()
#6 /var/www/scrum-l.local/vendor/laravel/framework/src/Illuminate/Routing/Router.php(798): Illuminate\Routing\Route->run()
#7 /var/www/scrum-l.local/vendor/laravel/framework/src/Illuminate/Pipeline/Pipeline.php(141): Illuminate\Routing\Router->Illuminate\Routing\{closure}()
#8 /var/www/scrum-l.local/vendor/laravel/framework/src/Illuminate/Routing/Middleware/SubstituteBindings.php(50): Illuminate\Pipeline\Pipeline->Illuminate\Pipeline\{closure}()
#9 /var/www/scrum-l.local/vendor/laravel/framework/src/Illuminate/Pipeline/Pipeline.php(180): Illuminate\Routing\Middleware\SubstituteBindings->handle()
#10 /var/www/scrum-l.local/vendor/laravel/framework/src/Illuminate/Auth/Middleware/Authenticate.php(44): Illuminate\Pipeline\Pipeline->Illuminate\Pipeline\{closure}()
#11 /var/www/scrum-l.local/vendor/laravel/framework/src/Illuminate/Pipeline/Pipeline.php(180): Illuminate\Auth\Middleware\Authenticate->handle()
#12 /var/www/scrum-l.local/vendor/laravel/framework/src/Illuminate/Foundation/Http/Middleware/VerifyCsrfToken.php(78): Illuminate\Pipeline\Pipeline->Illuminate\Pipeline\{closure}()
#13 /var/www/scrum-l.local/vendor/laravel/framework/src/Illuminate/Pipeline/Pipeline.php(180): Illuminate\Foundation\Http\Middleware\VerifyCsrfToken->handle()
#14 /var/www/scrum-l.local/vendor/laravel/framework/src/Illuminate/View/Middleware/ShareErrorsFromSession.php(49): Illuminate\Pipeline\Pipeline->Illuminate\Pipeline\{closure}()
#15 /var/www/scrum-l.local/vendor/laravel/framework/src/Illuminate/Pipeline/Pipeline.php(180): Illuminate\View\Middleware\ShareErrorsFromSession->handle()
#16 /var/www/scrum-l.local/vendor/laravel/framework/src/Illuminate/Session/Middleware/StartSession.php(121): Illuminate\Pipeline\Pipeline->Illuminate\Pipeline\{closure}()
#17 /var/www/scrum-l.local/vendor/laravel/framework/src/Illuminate/Session/Middleware/StartSession.php(64): Illuminate\Session\Middleware\StartSession->handleStatefulRequest()
#18 /var/www/scrum-l.local/vendor/laravel/framework/src/Illuminate/Pipeline/Pipeline.php(180): Illuminate\Session\Middleware\StartSession->handle()
#19 /var/www/scrum-l.local/vendor/laravel/framework/src/Illuminate/Cookie/Middleware/AddQueuedCookiesToResponse.php(37): Illuminate\Pipeline\Pipeline->Illuminate\Pipeline\{closure}()
#20 /var/www/scrum-l.local/vendor/laravel/framework/src/Illuminate/Pipeline/Pipeline.php(180): Illuminate\Cookie\Middleware\AddQueuedCookiesToResponse->handle()
#21 /var/www/scrum-l.local/vendor/laravel/framework/src/Illuminate/Cookie/Middleware/EncryptCookies.php(67): Illuminate\Pipeline\Pipeline->Illuminate\Pipeline\{closure}()
#22 /var/www/scrum-l.local/vendor/laravel/framework/src/Illuminate/Pipeline/Pipeline.php(180): Illuminate\Cookie\Middleware\EncryptCookies->handle()
#23 /var/www/scrum-l.local/vendor/laravel/framework/src/Illuminate/Pipeline/Pipeline.php(116): Illuminate\Pipeline\Pipeline->Illuminate\Pipeline\{closure}()
#24 /var/www/scrum-l.local/vendor/laravel/framework/src/Illuminate/Routing/Router.php(799): Illuminate\Pipeline\Pipeline->then()
#25 /var/www/scrum-l.local/vendor/laravel/framework/src/Illuminate/Routing/Router.php(776): Illuminate\Routing\Router->runRouteWithinStack()
#26 /var/www/scrum-l.local/vendor/laravel/framework/src/Illuminate/Routing/Router.php(740): Illuminate\Routing\Router->runRoute()
#27 /var/www/scrum-l.local/vendor/laravel/framework/src/Illuminate/Routing/Router.php(729): Illuminate\Routing\Router->dispatchToRoute()
#28 /var/www/scrum-l.local/vendor/laravel/framework/src/Illuminate/Foundation/Http/Kernel.php(190): Illuminate\Routing\Router->dispatch()
#29 /var/www/scrum-l.local/vendor/laravel/framework/src/Illuminate/Pipeline/Pipeline.php(141): Illuminate\Foundation\Http\Kernel->Illuminate\Foundation\Http\{closure}()
#30 /var/www/scrum-l.local/vendor/laravel/framework/src/Illuminate/Foundation/Http/Middleware/TransformsRequest.php(21): Illuminate\Pipeline\Pipeline->Illuminate\Pipeline\{closure}()
#31 /var/www/scrum-l.local/vendor/laravel/framework/src/Illuminate/Foundation/Http/Middleware/ConvertEmptyStringsToNull.php(31): Illuminate\Foundation\Http\Middleware\TransformsRequest->handle()
#32 /var/www/scrum-l.local/vendor/laravel/framework/src/Illuminate/Pipeline/Pipeline.php(180): Illuminate\Foundation\Http\Middleware\ConvertEmptyStringsToNull->handle()
#33 /var/www/scrum-l.local/vendor/laravel/framework/src/Illuminate/Foundation/Http/Middleware/TransformsRequest.php(21): Illuminate\Pipeline\Pipeline->Illuminate\Pipeline\{closure}()
#34 /var/www/scrum-l.local/vendor/laravel/framework/src/Illuminate/Foundation/Http/Middleware/TrimStrings.php(40): Illuminate\Foundation\Http\Middleware\TransformsRequest->handle()
#35 /var/www/scrum-l.local/vendor/laravel/framework/src/Illuminate/Pipeline/Pipeline.php(180): Illuminate\Foundation\Http\Middleware\TrimStrings->handle()
#36 /var/www/scrum-l.local/vendor/laravel/framework/src/Illuminate/Foundation/Http/Middleware/ValidatePostSize.php(27): Illuminate\Pipeline\Pipeline->Illuminate\Pipeline\{closure}()
#37 /var/www/scrum-l.local/vendor/laravel/framework/src/Illuminate/Pipeline/Pipeline.php(180): Illuminate\Foundation\Http\Middleware\ValidatePostSize->handle()
#38 /var/www/scrum-l.local/vendor/laravel/framework/src/Illuminate/Foundation/Http/Middleware/PreventRequestsDuringMaintenance.php(86): Illuminate\Pipeline\Pipeline->Illuminate\Pipeline\{closure}()
#39 /var/www/scrum-l.local/vendor/laravel/framework/src/Illuminate/Pipeline/Pipeline.php(180): Illuminate\Foundation\Http\Middleware\PreventRequestsDuringMaintenance->handle()
#40 /var/www/scrum-l.local/vendor/laravel/framework/src/Illuminate/Http/Middleware/HandleCors.php(49): Illuminate\Pipeline\Pipeline->Illuminate\Pipeline\{closure}()
#41 /var/www/scrum-l.local/vendor/laravel/framework/src/Illuminate/Pipeline/Pipeline.php(180): Illuminate\Http\Middleware\HandleCors->handle()
#42 /var/www/scrum-l.local/vendor/laravel/framework/src/Illuminate/Http/Middleware/TrustProxies.php(39): Illuminate\Pipeline\Pipeline->Illuminate\Pipeline\{closure}()
#43 /var/www/scrum-l.local/vendor/laravel/framework/src/Illuminate/Pipeline/Pipeline.php(180): Illuminate\Http\Middleware\TrustProxies->handle()
#44 /var/www/scrum-l.local/vendor/laravel/framework/src/Illuminate/Pipeline/Pipeline.php(116): Illuminate\Pipeline\Pipeline->Illuminate\Pipeline\{closure}()
#45 /var/www/scrum-l.local/vendor/laravel/framework/src/Illuminate/Foundation/Http/Kernel.php(165): Illuminate\Pipeline\Pipeline->then()
#46 /var/www/scrum-l.local/vendor/laravel/framework/src/Illuminate/Foundation/Http/Kernel.php(134): Illuminate\Foundation\Http\Kernel->sendRequestThroughRouter()
#47 /var/www/scrum-l.local/public/index.php(52): Illuminate\Foundation\Http\Kernel->handle()
#48 {main}  
[2022-12-28 20:15:30] local.INFO: App\Http\Controllers\Site\SiteController, method: index {"user":"Георгий Анатольевич","request":[]} 
[2022-12-28 20:15:48] local.INFO: App\Http\Controllers\Tasks\TaskController, method: show {"user":"Георгий Анатольевич","task":"9816e788-b0eb-4328-90fe-c0be8d896b8d"} 
[2022-12-28 20:16:35] local.INFO: App\Http\Controllers\Tasks\TaskController, method: edit {"user":"Георгий Анатольевич","task":"9816e788-b0eb-4328-90fe-c0be8d896b8d"} 
[2022-12-28 20:17:03] local.INFO: App\Http\Controllers\Tasks\TaskController, method: update {"user":"Георгий Анатольевич","task":"9816e788-b0eb-4328-90fe-c0be8d896b8d","request":{"_token":"J1gX3gQspCZzFsPORLmWKvmfa9ZNjAyo6uEH91UB","_method":"patch","priority_uuid":"1a655b35-aeeb-4f54-be64-e9a8dff8c932","deadline_at":"2022-12-29T09:00","description":"Совещание","comment":"В процессе подготовки","responsible_uuid":"a9dbf6a6-0ecf-4445-b612-f720eebfaf4e","done_progress":"25","file_uuid":null}} 
[2022-12-28 20:17:03] local.INFO: App\Http\Controllers\Tasks\TaskController, method: edit {"user":"Георгий Анатольевич","task":"9816e788-b0eb-4328-90fe-c0be8d896b8d"} 
[2022-12-28 20:17:15] local.INFO: App\Http\Controllers\Tasks\TaskController, method: index {"user":"Георгий Анатольевич","request":[]} 
[2022-12-28 20:17:19] local.INFO: App\Http\Controllers\Site\SiteController, method: index {"user":"Георгий Анатольевич","request":[]} 
[2022-12-28 20:20:33] local.INFO: App\Http\Controllers\Site\SiteController, method: index {"user":"Георгий Анатольевич","request":[]} 
[2022-12-28 20:20:42] local.INFO: App\Http\Controllers\Tasks\TaskController, method: index {"user":"Георгий Анатольевич","request":[]} 
[2022-12-28 20:20:44] local.INFO: App\Http\Controllers\Profile\ProfileController, method: show {"user":"Георгий Анатольевич"} 
[2022-12-28 20:20:53] local.INFO: App\Http\Controllers\Site\SiteController, method: index {"user":"Георгий Анатольевич","request":[]} 
[2022-12-28 20:22:04] local.INFO: App\Http\Controllers\Site\SiteController, method: index {"user":"Георгий Анатольевич","request":[]} 
[2022-12-28 20:25:20] local.INFO: App\Http\Controllers\Site\SiteController, method: index {"user":"Георгий Анатольевич","request":[]} 
[2022-12-28 20:27:04] local.INFO: App\Http\Controllers\Site\SiteController, method: index {"user":"Георгий Анатольевич","request":[]} 
[2022-12-28 20:27:06] local.INFO: App\Http\Controllers\Site\SiteController, method: index {"user":"Георгий Анатольевич","request":[]} 
[2022-12-28 20:28:15] local.INFO: App\Http\Controllers\Site\SiteController, method: index {"user":"Георгий Анатольевич","request":[]} 
[2022-12-28 20:28:29] local.INFO: App\Http\Controllers\Site\SiteController, method: index {"user":"Георгий Анатольевич","request":[]} 
[2022-12-28 20:30:23] local.INFO: App\Http\Controllers\Site\SiteController, method: index {"user":"Георгий Анатольевич","request":[]} 
[2022-12-28 20:31:21] local.INFO: App\Http\Controllers\Site\SiteController, method: index {"user":"Георгий Анатольевич","request":[]} 
[2022-12-28 20:31:54] local.INFO: App\Http\Controllers\Site\SiteController, method: index {"user":"Георгий Анатольевич","request":[]} 
[2022-12-28 20:32:20] local.INFO: App\Http\Controllers\Site\SiteController, method: index {"user":"Георгий Анатольевич","request":[]} 
[2022-12-28 20:32:40] local.INFO: App\Http\Controllers\Site\SiteController, method: index {"user":"Георгий Анатольевич","request":[]} 
[2022-12-28 20:32:51] local.INFO: App\Http\Controllers\Site\SiteController, method: index {"user":"Георгий Анатольевич","request":[]} 
[2022-12-28 20:33:10] local.INFO: App\Http\Controllers\Site\SiteController, method: index {"user":"Георгий Анатольевич","request":[]} 
[2022-12-28 20:33:22] local.INFO: App\Http\Controllers\Site\SiteController, method: index {"user":"Георгий Анатольевич","request":[]} 
[2022-12-28 20:33:55] local.INFO: App\Http\Controllers\Site\SiteController, method: index {"user":"Георгий Анатольевич","request":[]} 
[2022-12-28 20:38:18] local.INFO: App\Http\Controllers\Site\SiteController, method: index {"user":"Георгий Анатольевич","request":[]} 
[2022-12-28 20:42:35] local.INFO: App\Http\Controllers\Site\SiteController, method: index {"user":"Георгий Анатольевич","request":[]} 
[2022-12-28 20:42:45] local.INFO: App\Http\Controllers\Site\SiteController, method: index {"user":"Георгий Анатольевич","request":[]} 
[2022-12-28 20:43:01] local.INFO: App\Http\Controllers\Site\SiteController, method: index {"user":"Георгий Анатольевич","request":[]} 
[2022-12-28 20:50:50] local.INFO: App\Http\Controllers\Site\SiteController, method: index {"user":"Георгий Анатольевич","request":[]} 
[2022-12-28 20:50:56] local.INFO: App\Http\Controllers\Tasks\TaskController, method: index {"user":"Георгий Анатольевич","request":[]} 
[2022-12-28 20:50:59] local.INFO: App\Http\Controllers\Profile\ProfileController, method: show {"user":"Георгий Анатольевич"} 
[2022-12-28 20:51:04] local.INFO: App\Http\Controllers\Site\SiteController, method: index {"user":"Георгий Анатольевич","request":[]} 
[2022-12-28 20:52:59] local.INFO: App\Http\Controllers\Site\SiteController, method: index {"user":"Георгий Анатольевич","request":[]} 
[2022-12-28 20:54:42] local.INFO: App\Http\Controllers\Site\SiteController, method: index {"user":"Георгий Анатольевич","request":[]} 
[2022-12-28 20:55:36] local.INFO: App\Http\Controllers\Site\SiteController, method: index {"user":"Георгий Анатольевич","request":[]} 
[2022-12-28 20:56:19] local.INFO: App\Http\Controllers\Tasks\TaskController, method: index {"user":"Георгий Анатольевич","request":[]} 
[2022-12-28 20:56:22] local.INFO: App\Http\Controllers\Profile\ProfileController, method: show {"user":"Георгий Анатольевич"} 
[2022-12-28 20:56:27] local.INFO: App\Http\Controllers\Site\SiteController, method: index {"user":"Георгий Анатольевич","request":[]} 
[2022-12-28 20:58:07] local.INFO: App\Http\Controllers\Site\SiteController, method: index {"user":"Георгий Анатольевич","request":[]} 
[2022-12-28 20:58:12] local.INFO: App\Http\Controllers\Tasks\TaskController, method: index {"user":"Георгий Анатольевич","request":[]} 
[2022-12-28 21:00:37] local.INFO: App\Http\Controllers\Tasks\TaskController, method: index {"user":"Георгий Анатольевич","request":[]} 
[2022-12-28 21:01:45] local.INFO: App\Http\Controllers\Profile\ProfileController, method: show {"user":"Георгий Анатольевич"} 
[2022-12-28 21:03:04] local.INFO: App\Http\Controllers\Site\SiteController, method: index {"user":"Админ","request":[]} 
[2022-12-28 21:03:09] local.INFO: App\Http\Controllers\Roles\RoleController, method: index {"user":"Админ","request":[]} 
[2022-12-28 21:03:11] local.INFO: App\Http\Controllers\Users\UserController, method: index {"user":"Админ","request":[]} 
[2022-12-28 21:03:14] local.INFO: App\Http\Controllers\Documents\DocumentController, method: index {"user":"Админ","request":[]} 
[2022-12-28 21:03:16] local.INFO: App\Http\Controllers\Tasks\TaskController, method: index {"user":"Админ","request":[]} 
[2022-12-28 21:03:17] local.INFO: App\Http\Controllers\Site\SiteController, method: index {"user":"Админ","request":[]} 
[2022-12-28 21:07:14] local.INFO: App\Http\Controllers\Site\SiteController, method: index {"user":"Админ","request":[]} 
[2022-12-28 21:07:15] local.INFO: App\Http\Controllers\Site\SiteController, method: index {"user":"Админ","request":[]} 
[2022-12-28 21:09:54] local.INFO: App\Http\Controllers\Site\SiteController, method: index {"user":"Админ","request":[]} 
[2022-12-28 21:10:01] local.INFO: App\Http\Controllers\Site\SiteController, method: index {"user":"Админ","request":[]} 
[2022-12-28 21:10:12] local.INFO: App\Http\Controllers\Site\SiteController, method: index {"user":"Админ","request":[]} 
[2022-12-28 21:10:29] local.INFO: App\Http\Controllers\Site\SiteController, method: index {"user":"Админ","request":[]} 
[2022-12-28 21:10:59] local.INFO: App\Http\Controllers\Site\SiteController, method: index {"user":"Админ","request":[]} 
[2022-12-28 21:11:50] local.INFO: App\Http\Controllers\Site\SiteController, method: index {"user":"Админ","request":[]} 
[2022-12-28 21:12:03] local.INFO: App\Http\Controllers\Site\SiteController, method: index {"user":"Админ","request":[]} 
[2022-12-28 21:13:04] local.INFO: App\Http\Controllers\Site\SiteController, method: index {"user":"Админ","request":[]} 
[2022-12-28 21:13:22] local.INFO: App\Http\Controllers\Site\SiteController, method: index {"user":"Админ","request":[]} 
[2022-12-28 21:13:44] local.INFO: App\Http\Controllers\Site\SiteController, method: index {"user":"Админ","request":[]} 
[2022-12-28 21:13:50] local.INFO: App\Http\Controllers\Site\SiteController, method: index {"user":"Админ","request":[]} 
[2022-12-28 21:14:00] local.INFO: App\Http\Controllers\Tasks\TaskController, method: index {"user":"Админ","request":[]} 
[2022-12-28 21:14:01] local.INFO: App\Http\Controllers\Documents\DocumentController, method: index {"user":"Админ","request":[]} 
[2022-12-28 21:14:04] local.INFO: App\Http\Controllers\Users\UserController, method: index {"user":"Админ","request":[]} 
[2022-12-28 21:14:05] local.INFO: App\Http\Controllers\Roles\RoleController, method: index {"user":"Админ","request":[]} 
[2022-12-28 21:14:07] local.INFO: App\Http\Controllers\Site\SiteController, method: index {"user":"Админ","request":[]} 
[2022-12-28 21:14:42] local.INFO: App\Http\Controllers\Site\SiteController, method: index {"user":"Админ","request":[]} 
[2022-12-28 21:15:19] local.INFO: App\Http\Controllers\Site\SiteController, method: index {"user":"Админ","request":[]} 
[2022-12-28 21:15:34] local.INFO: App\Http\Controllers\Site\SiteController, method: index {"user":"Админ","request":[]} 
[2022-12-28 21:15:46] local.INFO: App\Http\Controllers\Documents\DocumentController, method: index {"user":"Админ","request":[]} 
[2022-12-28 21:15:49] local.INFO: App\Http\Controllers\Tasks\TaskController, method: index {"user":"Админ","request":[]} 
[2022-12-28 21:15:57] local.INFO: App\Http\Controllers\Users\UserController, method: index {"user":"Админ","request":[]} 
[2022-12-28 21:16:18] local.INFO: App\Http\Controllers\Documents\DocumentController, method: index {"user":"Админ","request":[]} 
[2022-12-28 21:18:14] local.INFO: App\Http\Controllers\Site\SiteController, method: index {"user":"Админ","request":[]} 
[2022-12-28 21:18:30] local.INFO: App\Http\Controllers\Site\SiteController, method: index {"user":"Админ","request":[]} 
[2022-12-28 21:18:35] local.INFO: App\Http\Controllers\Documents\DocumentController, method: index {"user":"Админ","request":[]} 
[2022-12-28 21:19:11] local.INFO: App\Http\Controllers\Site\SiteController, method: index {"user":"Админ","request":[]} 
[2022-12-28 21:19:13] local.INFO: App\Http\Controllers\Tasks\TaskController, method: index {"user":"Админ","request":[]} 
