[2023-01-16 08:12:21] local.INFO: App\Http\Controllers\Site\SiteController, method: index {"user":"Админ","request":[]} 
[2023-01-16 08:12:25] local.ERROR: Non-static method Illuminate\Http\Request::session() cannot be called statically {"userId":"cabb4d3b-38d7-4ed0-904d-cd2797aab70a","exception":"[object] (Error(code: 0): Non-static method Illuminate\\Http\\Request::session() cannot be called statically at /var/www/scrum-l.local/vendor/laravel/fortify/src/Http/Controllers/AuthenticatedSessionController.php:60)
[stacktrace]
#0 /var/www/scrum-l.local/vendor/laravel/framework/src/Illuminate/Pipeline/Pipeline.php(141): Laravel\\Fortify\\Http\\Controllers\\AuthenticatedSessionController->Laravel\\Fortify\\Http\\Controllers\\{closure}()
#1 /var/www/scrum-l.local/vendor/laravel/fortify/src/Actions/PrepareAuthenticatedSession.php(40): Illuminate\\Pipeline\\Pipeline->Illuminate\\Pipeline\\{closure}()
#2 /var/www/scrum-l.local/vendor/laravel/framework/src/Illuminate/Pipeline/Pipeline.php(180): Laravel\\Fortify\\Actions\\PrepareAuthenticatedSession->handle()
#3 /var/www/scrum-l.local/vendor/laravel/fortify/src/Actions/AttemptToAuthenticate.php(57): Illuminate\\Pipeline\\Pipeline->Illuminate\\Pipeline\\{closure}()
#4 /var/www/scrum-l.local/vendor/laravel/framework/src/Illuminate/Pipeline/Pipeline.php(180): Laravel\\Fortify\\Actions\\AttemptToAuthenticate->handle()
#5 /var/www/scrum-l.local/vendor/laravel/fortify/src/Actions/RedirectIfTwoFactorAuthenticatable.php(59): Illuminate\\Pipeline\\Pipeline->Illuminate\\Pipeline\\{closure}()
#6 /var/www/scrum-l.local/vendor/laravel/framework/src/Illuminate/Pipeline/Pipeline.php(180): Laravel\\Fortify\\Actions\\RedirectIfTwoFactorAuthenticatable->handle()
#7 /var/www/scrum-l.local/vendor/laravel/framework/src/Illuminate/Pipeline/Pipeline.php(116): Illuminate\\Pipeline\\Pipeline->Illuminate\\Pipeline\\{closure}()
#8 /var/www/scrum-l.local/vendor/laravel/fortify/src/Http/Controllers/AuthenticatedSessionController.php(62): Illuminate\\Pipeline\\Pipeline->then()
#9 /var/www/scrum-l.local/vendor/laravel/framework/src/Illuminate/Routing/Controller.php(54): Laravel\\Fortify\\Http\\Controllers\\AuthenticatedSessionController->store()
#10 /var/www/scrum-l.local/vendor/laravel/framework/src/Illuminate/Routing/ControllerDispatcher.php(43): Illuminate\\Routing\\Controller->callAction()
#11 /var/www/scrum-l.local/vendor/laravel/framework/src/Illuminate/Routing/Route.php(260): Illuminate\\Routing\\ControllerDispatcher->dispatch()
#12 /var/www/scrum-l.local/vendor/laravel/framework/src/Illuminate/Routing/Route.php(205): Illuminate\\Routing\\Route->runController()
#13 /var/www/scrum-l.local/vendor/laravel/framework/src/Illuminate/Routing/Router.php(798): Illuminate\\Routing\\Route->run()
#14 /var/www/scrum-l.local/vendor/laravel/framework/src/Illuminate/Pipeline/Pipeline.php(141): Illuminate\\Routing\\Router->Illuminate\\Routing\\{closure}()
#15 /var/www/scrum-l.local/app/Http/Middleware/RedirectIfAuthenticated.php(30): Illuminate\\Pipeline\\Pipeline->Illuminate\\Pipeline\\{closure}()
#16 /var/www/scrum-l.local/vendor/laravel/framework/src/Illuminate/Pipeline/Pipeline.php(180): App\\Http\\Middleware\\RedirectIfAuthenticated->handle()
#17 /var/www/scrum-l.local/vendor/laravel/framework/src/Illuminate/Routing/Middleware/SubstituteBindings.php(50): Illuminate\\Pipeline\\Pipeline->Illuminate\\Pipeline\\{closure}()
#18 /var/www/scrum-l.local/vendor/laravel/framework/src/Illuminate/Pipeline/Pipeline.php(180): Illuminate\\Routing\\Middleware\\SubstituteBindings->handle()
#19 /var/www/scrum-l.local/vendor/laravel/framework/src/Illuminate/Routing/Middleware/ThrottleRequests.php(126): Illuminate\\Pipeline\\Pipeline->Illuminate\\Pipeline\\{closure}()
#20 /var/www/scrum-l.local/vendor/laravel/framework/src/Illuminate/Routing/Middleware/ThrottleRequests.php(102): Illuminate\\Routing\\Middleware\\ThrottleRequests->handleRequest()
#21 /var/www/scrum-l.local/vendor/laravel/framework/src/Illuminate/Routing/Middleware/ThrottleRequests.php(54): Illuminate\\Routing\\Middleware\\ThrottleRequests->handleRequestUsingNamedLimiter()
#22 /var/www/scrum-l.local/vendor/laravel/framework/src/Illuminate/Pipeline/Pipeline.php(180): Illuminate\\Routing\\Middleware\\ThrottleRequests->handle()
#23 /var/www/scrum-l.local/vendor/laravel/framework/src/Illuminate/Foundation/Http/Middleware/VerifyCsrfToken.php(78): Illuminate\\Pipeline\\Pipeline->Illuminate\\Pipeline\\{closure}()
#24 /var/www/scrum-l.local/vendor/laravel/framework/src/Illuminate/Pipeline/Pipeline.php(180): Illuminate\\Foundation\\Http\\Middleware\\VerifyCsrfToken->handle()
#25 /var/www/scrum-l.local/vendor/laravel/framework/src/Illuminate/View/Middleware/ShareErrorsFromSession.php(49): Illuminate\\Pipeline\\Pipeline->Illuminate\\Pipeline\\{closure}()
#26 /var/www/scrum-l.local/vendor/laravel/framework/src/Illuminate/Pipeline/Pipeline.php(180): Illuminate\\View\\Middleware\\ShareErrorsFromSession->handle()
#27 /var/www/scrum-l.local/vendor/laravel/framework/src/Illuminate/Session/Middleware/StartSession.php(121): Illuminate\\Pipeline\\Pipeline->Illuminate\\Pipeline\\{closure}()
#28 /var/www/scrum-l.local/vendor/laravel/framework/src/Illuminate/Session/Middleware/StartSession.php(64): Illuminate\\Session\\Middleware\\StartSession->handleStatefulRequest()
#29 /var/www/scrum-l.local/vendor/laravel/framework/src/Illuminate/Pipeline/Pipeline.php(180): Illuminate\\Session\\Middleware\\StartSession->handle()
#30 /var/www/scrum-l.local/vendor/laravel/framework/src/Illuminate/Cookie/Middleware/AddQueuedCookiesToResponse.php(37): Illuminate\\Pipeline\\Pipeline->Illuminate\\Pipeline\\{closure}()
#31 /var/www/scrum-l.local/vendor/laravel/framework/src/Illuminate/Pipeline/Pipeline.php(180): Illuminate\\Cookie\\Middleware\\AddQueuedCookiesToResponse->handle()
#32 /var/www/scrum-l.local/vendor/laravel/framework/src/Illuminate/Cookie/Middleware/EncryptCookies.php(67): Illuminate\\Pipeline\\Pipeline->Illuminate\\Pipeline\\{closure}()
#33 /var/www/scrum-l.local/vendor/laravel/framework/src/Illuminate/Pipeline/Pipeline.php(180): Illuminate\\Cookie\\Middleware\\EncryptCookies->handle()
#34 /var/www/scrum-l.local/vendor/laravel/framework/src/Illuminate/Pipeline/Pipeline.php(116): Illuminate\\Pipeline\\Pipeline->Illuminate\\Pipeline\\{closure}()
#35 /var/www/scrum-l.local/vendor/laravel/framework/src/Illuminate/Routing/Router.php(799): Illuminate\\Pipeline\\Pipeline->then()
#36 /var/www/scrum-l.local/vendor/laravel/framework/src/Illuminate/Routing/Router.php(776): Illuminate\\Routing\\Router->runRouteWithinStack()
#37 /var/www/scrum-l.local/vendor/laravel/framework/src/Illuminate/Routing/Router.php(740): Illuminate\\Routing\\Router->runRoute()
#38 /var/www/scrum-l.local/vendor/laravel/framework/src/Illuminate/Routing/Router.php(729): Illuminate\\Routing\\Router->dispatchToRoute()
#39 /var/www/scrum-l.local/vendor/laravel/framework/src/Illuminate/Foundation/Http/Kernel.php(190): Illuminate\\Routing\\Router->dispatch()
#40 /var/www/scrum-l.local/vendor/laravel/framework/src/Illuminate/Pipeline/Pipeline.php(141): Illuminate\\Foundation\\Http\\Kernel->Illuminate\\Foundation\\Http\\{closure}()
#41 /var/www/scrum-l.local/vendor/laravel/framework/src/Illuminate/Foundation/Http/Middleware/TransformsRequest.php(21): Illuminate\\Pipeline\\Pipeline->Illuminate\\Pipeline\\{closure}()
#42 /var/www/scrum-l.local/vendor/laravel/framework/src/Illuminate/Foundation/Http/Middleware/ConvertEmptyStringsToNull.php(31): Illuminate\\Foundation\\Http\\Middleware\\TransformsRequest->handle()
#43 /var/www/scrum-l.local/vendor/laravel/framework/src/Illuminate/Pipeline/Pipeline.php(180): Illuminate\\Foundation\\Http\\Middleware\\ConvertEmptyStringsToNull->handle()
#44 /var/www/scrum-l.local/vendor/laravel/framework/src/Illuminate/Foundation/Http/Middleware/TransformsRequest.php(21): Illuminate\\Pipeline\\Pipeline->Illuminate\\Pipeline\\{closure}()
#45 /var/www/scrum-l.local/vendor/laravel/framework/src/Illuminate/Foundation/Http/Middleware/TrimStrings.php(40): Illuminate\\Foundation\\Http\\Middleware\\TransformsRequest->handle()
#46 /var/www/scrum-l.local/vendor/laravel/framework/src/Illuminate/Pipeline/Pipeline.php(180): Illuminate\\Foundation\\Http\\Middleware\\TrimStrings->handle()
#47 /var/www/scrum-l.local/vendor/laravel/framework/src/Illuminate/Foundation/Http/Middleware/ValidatePostSize.php(27): Illuminate\\Pipeline\\Pipeline->Illuminate\\Pipeline\\{closure}()
#48 /var/www/scrum-l.local/vendor/laravel/framework/src/Illuminate/Pipeline/Pipeline.php(180): Illuminate\\Foundation\\Http\\Middleware\\ValidatePostSize->handle()
#49 /var/www/scrum-l.local/vendor/laravel/framework/src/Illuminate/Foundation/Http/Middleware/PreventRequestsDuringMaintenance.php(86): Illuminate\\Pipeline\\Pipeline->Illuminate\\Pipeline\\{closure}()
#50 /var/www/scrum-l.local/vendor/laravel/framework/src/Illuminate/Pipeline/Pipeline.php(180): Illuminate\\Foundation\\Http\\Middleware\\PreventRequestsDuringMaintenance->handle()
#51 /var/www/scrum-l.local/vendor/laravel/framework/src/Illuminate/Http/Middleware/HandleCors.php(49): Illuminate\\Pipeline\\Pipeline->Illuminate\\Pipeline\\{closure}()
#52 /var/www/scrum-l.local/vendor/laravel/framework/src/Illuminate/Pipeline/Pipeline.php(180): Illuminate\\Http\\Middleware\\HandleCors->handle()
#53 /var/www/scrum-l.local/vendor/laravel/framework/src/Illuminate/Http/Middleware/TrustProxies.php(39): Illuminate\\Pipeline\\Pipeline->Illuminate\\Pipeline\\{closure}()
#54 /var/www/scrum-l.local/vendor/laravel/framework/src/Illuminate/Pipeline/Pipeline.php(180): Illuminate\\Http\\Middleware\\TrustProxies->handle()
#55 /var/www/scrum-l.local/vendor/laravel/framework/src/Illuminate/Pipeline/Pipeline.php(116): Illuminate\\Pipeline\\Pipeline->Illuminate\\Pipeline\\{closure}()
#56 /var/www/scrum-l.local/vendor/laravel/framework/src/Illuminate/Foundation/Http/Kernel.php(165): Illuminate\\Pipeline\\Pipeline->then()
#57 /var/www/scrum-l.local/vendor/laravel/framework/src/Illuminate/Foundation/Http/Kernel.php(134): Illuminate\\Foundation\\Http\\Kernel->sendRequestThroughRouter()
#58 /var/www/scrum-l.local/public/index.php(52): Illuminate\\Foundation\\Http\\Kernel->handle()
#59 {main}
"} 
[2023-01-16 11:18:13] local.INFO: App\Http\Controllers\Site\SiteController, method: index {"user":"Админ","request":[]} 
[2023-01-16 11:18:13] local.ERROR: file_put_contents(/var/www/scrum-l.local/storage/framework/views/8114596d01631ce56d24f4b405bde7fa37df1538.php): Failed to open stream: Permission denied {"userId":"cabb4d3b-38d7-4ed0-904d-cd2797aab70a","exception":"[object] (ErrorException(code: 0): file_put_contents(/var/www/scrum-l.local/storage/framework/views/8114596d01631ce56d24f4b405bde7fa37df1538.php): Failed to open stream: Permission denied at /var/www/scrum-l.local/vendor/laravel/framework/src/Illuminate/Filesystem/Filesystem.php:190)
[stacktrace]
#0 /var/www/scrum-l.local/vendor/laravel/framework/src/Illuminate/Foundation/Bootstrap/HandleExceptions.php(266): Illuminate\\Foundation\\Bootstrap\\HandleExceptions->handleError()
#1 [internal function]: Illuminate\\Foundation\\Bootstrap\\HandleExceptions->Illuminate\\Foundation\\Bootstrap\\{closure}()
#2 /var/www/scrum-l.local/vendor/laravel/framework/src/Illuminate/Filesystem/Filesystem.php(190): file_put_contents()
#3 /var/www/scrum-l.local/vendor/laravel/framework/src/Illuminate/View/Compilers/BladeCompiler.php(184): Illuminate\\Filesystem\\Filesystem->put()
#4 /var/www/scrum-l.local/vendor/laravel/framework/src/Illuminate/View/Engines/CompilerEngine.php(62): Illuminate\\View\\Compilers\\BladeCompiler->compile()
#5 /var/www/scrum-l.local/vendor/laravel/framework/src/Illuminate/View/View.php(152): Illuminate\\View\\Engines\\CompilerEngine->get()
#6 /var/www/scrum-l.local/vendor/laravel/framework/src/Illuminate/View/View.php(135): Illuminate\\View\\View->getContents()
#7 /var/www/scrum-l.local/vendor/laravel/framework/src/Illuminate/View/View.php(104): Illuminate\\View\\View->renderContents()
#8 /var/www/scrum-l.local/vendor/laravel/framework/src/Illuminate/Http/Response.php(69): Illuminate\\View\\View->render()
#9 /var/www/scrum-l.local/vendor/laravel/framework/src/Illuminate/Http/Response.php(35): Illuminate\\Http\\Response->setContent()
#10 /var/www/scrum-l.local/vendor/laravel/framework/src/Illuminate/Routing/Router.php(906): Illuminate\\Http\\Response->__construct()
#11 /var/www/scrum-l.local/vendor/laravel/framework/src/Illuminate/Routing/Router.php(875): Illuminate\\Routing\\Router::toResponse()
#12 /var/www/scrum-l.local/vendor/laravel/framework/src/Illuminate/Routing/Router.php(798): Illuminate\\Routing\\Router->prepareResponse()
#13 /var/www/scrum-l.local/vendor/laravel/framework/src/Illuminate/Pipeline/Pipeline.php(141): Illuminate\\Routing\\Router->Illuminate\\Routing\\{closure}()
#14 /var/www/scrum-l.local/vendor/laravel/framework/src/Illuminate/Routing/Middleware/SubstituteBindings.php(50): Illuminate\\Pipeline\\Pipeline->Illuminate\\Pipeline\\{closure}()
#15 /var/www/scrum-l.local/vendor/laravel/framework/src/Illuminate/Pipeline/Pipeline.php(180): Illuminate\\Routing\\Middleware\\SubstituteBindings->handle()
#16 /var/www/scrum-l.local/vendor/laravel/framework/src/Illuminate/Auth/Middleware/Authenticate.php(44): Illuminate\\Pipeline\\Pipeline->Illuminate\\Pipeline\\{closure}()
#17 /var/www/scrum-l.local/vendor/laravel/framework/src/Illuminate/Pipeline/Pipeline.php(180): Illuminate\\Auth\\Middleware\\Authenticate->handle()
#18 /var/www/scrum-l.local/vendor/laravel/framework/src/Illuminate/Foundation/Http/Middleware/VerifyCsrfToken.php(78): Illuminate\\Pipeline\\Pipeline->Illuminate\\Pipeline\\{closure}()
#19 /var/www/scrum-l.local/vendor/laravel/framework/src/Illuminate/Pipeline/Pipeline.php(180): Illuminate\\Foundation\\Http\\Middleware\\VerifyCsrfToken->handle()
#20 /var/www/scrum-l.local/vendor/laravel/framework/src/Illuminate/View/Middleware/ShareErrorsFromSession.php(49): Illuminate\\Pipeline\\Pipeline->Illuminate\\Pipeline\\{closure}()
#21 /var/www/scrum-l.local/vendor/laravel/framework/src/Illuminate/Pipeline/Pipeline.php(180): Illuminate\\View\\Middleware\\ShareErrorsFromSession->handle()
#22 /var/www/scrum-l.local/vendor/laravel/framework/src/Illuminate/Session/Middleware/StartSession.php(121): Illuminate\\Pipeline\\Pipeline->Illuminate\\Pipeline\\{closure}()
#23 /var/www/scrum-l.local/vendor/laravel/framework/src/Illuminate/Session/Middleware/StartSession.php(64): Illuminate\\Session\\Middleware\\StartSession->handleStatefulRequest()
#24 /var/www/scrum-l.local/vendor/laravel/framework/src/Illuminate/Pipeline/Pipeline.php(180): Illuminate\\Session\\Middleware\\StartSession->handle()
#25 /var/www/scrum-l.local/vendor/laravel/framework/src/Illuminate/Cookie/Middleware/AddQueuedCookiesToResponse.php(37): Illuminate\\Pipeline\\Pipeline->Illuminate\\Pipeline\\{closure}()
#26 /var/www/scrum-l.local/vendor/laravel/framework/src/Illuminate/Pipeline/Pipeline.php(180): Illuminate\\Cookie\\Middleware\\AddQueuedCookiesToResponse->handle()
#27 /var/www/scrum-l.local/vendor/laravel/framework/src/Illuminate/Cookie/Middleware/EncryptCookies.php(67): Illuminate\\Pipeline\\Pipeline->Illuminate\\Pipeline\\{closure}()
#28 /var/www/scrum-l.local/vendor/laravel/framework/src/Illuminate/Pipeline/Pipeline.php(180): Illuminate\\Cookie\\Middleware\\EncryptCookies->handle()
#29 /var/www/scrum-l.local/vendor/laravel/framework/src/Illuminate/Pipeline/Pipeline.php(116): Illuminate\\Pipeline\\Pipeline->Illuminate\\Pipeline\\{closure}()
#30 /var/www/scrum-l.local/vendor/laravel/framework/src/Illuminate/Routing/Router.php(799): Illuminate\\Pipeline\\Pipeline->then()
#31 /var/www/scrum-l.local/vendor/laravel/framework/src/Illuminate/Routing/Router.php(776): Illuminate\\Routing\\Router->runRouteWithinStack()
#32 /var/www/scrum-l.local/vendor/laravel/framework/src/Illuminate/Routing/Router.php(740): Illuminate\\Routing\\Router->runRoute()
#33 /var/www/scrum-l.local/vendor/laravel/framework/src/Illuminate/Routing/Router.php(729): Illuminate\\Routing\\Router->dispatchToRoute()
#34 /var/www/scrum-l.local/vendor/laravel/framework/src/Illuminate/Foundation/Http/Kernel.php(190): Illuminate\\Routing\\Router->dispatch()
#35 /var/www/scrum-l.local/vendor/laravel/framework/src/Illuminate/Pipeline/Pipeline.php(141): Illuminate\\Foundation\\Http\\Kernel->Illuminate\\Foundation\\Http\\{closure}()
#36 /var/www/scrum-l.local/vendor/laravel/framework/src/Illuminate/Foundation/Http/Middleware/TransformsRequest.php(21): Illuminate\\Pipeline\\Pipeline->Illuminate\\Pipeline\\{closure}()
#37 /var/www/scrum-l.local/vendor/laravel/framework/src/Illuminate/Foundation/Http/Middleware/ConvertEmptyStringsToNull.php(31): Illuminate\\Foundation\\Http\\Middleware\\TransformsRequest->handle()
#38 /var/www/scrum-l.local/vendor/laravel/framework/src/Illuminate/Pipeline/Pipeline.php(180): Illuminate\\Foundation\\Http\\Middleware\\ConvertEmptyStringsToNull->handle()
#39 /var/www/scrum-l.local/vendor/laravel/framework/src/Illuminate/Foundation/Http/Middleware/TransformsRequest.php(21): Illuminate\\Pipeline\\Pipeline->Illuminate\\Pipeline\\{closure}()
#40 /var/www/scrum-l.local/vendor/laravel/framework/src/Illuminate/Foundation/Http/Middleware/TrimStrings.php(40): Illuminate\\Foundation\\Http\\Middleware\\TransformsRequest->handle()
#41 /var/www/scrum-l.local/vendor/laravel/framework/src/Illuminate/Pipeline/Pipeline.php(180): Illuminate\\Foundation\\Http\\Middleware\\TrimStrings->handle()
#42 /var/www/scrum-l.local/vendor/laravel/framework/src/Illuminate/Foundation/Http/Middleware/ValidatePostSize.php(27): Illuminate\\Pipeline\\Pipeline->Illuminate\\Pipeline\\{closure}()
#43 /var/www/scrum-l.local/vendor/laravel/framework/src/Illuminate/Pipeline/Pipeline.php(180): Illuminate\\Foundation\\Http\\Middleware\\ValidatePostSize->handle()
#44 /var/www/scrum-l.local/vendor/laravel/framework/src/Illuminate/Foundation/Http/Middleware/PreventRequestsDuringMaintenance.php(86): Illuminate\\Pipeline\\Pipeline->Illuminate\\Pipeline\\{closure}()
#45 /var/www/scrum-l.local/vendor/laravel/framework/src/Illuminate/Pipeline/Pipeline.php(180): Illuminate\\Foundation\\Http\\Middleware\\PreventRequestsDuringMaintenance->handle()
#46 /var/www/scrum-l.local/vendor/laravel/framework/src/Illuminate/Http/Middleware/HandleCors.php(49): Illuminate\\Pipeline\\Pipeline->Illuminate\\Pipeline\\{closure}()
#47 /var/www/scrum-l.local/vendor/laravel/framework/src/Illuminate/Pipeline/Pipeline.php(180): Illuminate\\Http\\Middleware\\HandleCors->handle()
#48 /var/www/scrum-l.local/vendor/laravel/framework/src/Illuminate/Http/Middleware/TrustProxies.php(39): Illuminate\\Pipeline\\Pipeline->Illuminate\\Pipeline\\{closure}()
#49 /var/www/scrum-l.local/vendor/laravel/framework/src/Illuminate/Pipeline/Pipeline.php(180): Illuminate\\Http\\Middleware\\TrustProxies->handle()
#50 /var/www/scrum-l.local/vendor/laravel/framework/src/Illuminate/Pipeline/Pipeline.php(116): Illuminate\\Pipeline\\Pipeline->Illuminate\\Pipeline\\{closure}()
#51 /var/www/scrum-l.local/vendor/laravel/framework/src/Illuminate/Foundation/Http/Kernel.php(165): Illuminate\\Pipeline\\Pipeline->then()
#52 /var/www/scrum-l.local/vendor/laravel/framework/src/Illuminate/Foundation/Http/Kernel.php(134): Illuminate\\Foundation\\Http\\Kernel->sendRequestThroughRouter()
#53 /var/www/scrum-l.local/public/index.php(52): Illuminate\\Foundation\\Http\\Kernel->handle()
#54 {main}
"} 
[2023-01-16 11:18:33] local.INFO: App\Http\Controllers\Site\SiteController, method: index {"user":"Админ","request":[]} 
[2023-01-16 11:18:38] local.INFO: App\Http\Controllers\Site\SiteController, method: index {"user":"Админ","request":[]} 
[2023-01-16 11:18:41] local.INFO: App\Http\Controllers\Tasks\TaskController, method: index {"user":"Админ","request":[]} 
[2023-01-16 11:18:42] local.INFO: App\Http\Controllers\Documents\DocumentController, method: index {"user":"Админ","request":[]} 
[2023-01-16 11:18:43] local.INFO: App\Http\Controllers\Users\UserController, method: index {"user":"Админ","request":[]} 
[2023-01-16 11:18:44] local.INFO: App\Http\Controllers\Profile\ProfileController, method: show {"user":"Админ"} 
[2023-01-16 11:18:46] local.INFO: App\Http\Controllers\Site\SiteController, method: index {"user":"Админ","request":[]} 
[2023-01-16 11:19:21] local.INFO: App\Http\Controllers\Site\SiteController, method: index {"user":"Ольга Олеговна","request":[]} 
[2023-01-16 11:25:51] local.INFO: App\Http\Controllers\Tasks\TaskController, method: index {"user":"Ольга Олеговна","request":[]} 
[2023-01-16 11:25:55] local.INFO: App\Http\Controllers\Documents\DocumentController, method: index {"user":"Ольга Олеговна","request":[]} 
[2023-01-16 11:25:57] local.INFO: App\Http\Controllers\Profile\ProfileController, method: show {"user":"Ольга Олеговна"} 
[2023-01-16 17:39:30] local.INFO: App\Http\Controllers\Site\SiteController, method: index {"user":"Ольга Олеговна","request":[]} 
[2023-01-16 17:39:51] local.INFO: App\Http\Controllers\Site\SiteController, method: index {"user":"Админ","request":[]} 
[2023-01-16 17:39:53] local.INFO: App\Http\Controllers\Users\UserController, method: index {"user":"Админ","request":[]} 
[2023-01-16 17:40:00] local.INFO: App\Http\Controllers\Users\UserController, method: index {"user":"Админ","request":{"page":"2"}} 
[2023-01-16 17:40:03] local.INFO: App\Http\Controllers\Users\UserController, method: index {"user":"Админ","request":{"page":"3"}} 
[2023-01-16 17:40:07] local.INFO: App\Http\Controllers\Users\UserController, method: index {"user":"Админ","request":{"page":"4"}} 
[2023-01-16 17:40:10] local.INFO: App\Http\Controllers\Users\UserController, method: show {"user":"Админ"} 
[2023-01-16 17:40:24] local.INFO: App\Http\Controllers\Users\UserController, method: index {"user":"Админ","request":[]} 
[2023-01-16 17:40:27] local.INFO: App\Http\Controllers\Users\UserController, method: show {"user":"Админ"} 
[2023-01-16 17:40:35] local.INFO: App\Http\Controllers\Users\UserController, method: index {"user":"Админ","request":[]} 
[2023-01-16 17:40:39] local.INFO: App\Http\Controllers\Users\UserController, method: index {"user":"Админ","request":{"page":"2"}} 
[2023-01-16 17:40:42] local.INFO: App\Http\Controllers\Users\UserController, method: index {"user":"Админ","request":{"page":"3"}} 
[2023-01-16 17:40:45] local.INFO: App\Http\Controllers\Users\UserController, method: index {"user":"Админ","request":{"page":"4"}} 
[2023-01-16 17:40:47] local.INFO: App\Http\Controllers\Users\UserController, method: index {"user":"Админ","request":{"page":"5"}} 
[2023-01-16 17:40:49] local.INFO: App\Http\Controllers\Users\UserController, method: show {"user":"Админ"} 
[2023-01-16 17:41:03] local.INFO: App\Http\Controllers\Users\UserController, method: index {"user":"Админ","request":[]} 
[2023-01-16 17:41:06] local.INFO: App\Http\Controllers\Users\UserController, method: index {"user":"Админ","request":{"page":"2"}} 
[2023-01-16 17:41:12] local.INFO: App\Http\Controllers\Users\UserController, method: index {"user":"Админ","request":{"page":"3"}} 
[2023-01-16 17:41:16] local.INFO: App\Http\Controllers\Users\UserController, method: show {"user":"Админ"} 
[2023-01-16 17:41:26] local.INFO: App\Http\Controllers\Users\UserController, method: index {"user":"Админ","request":[]} 
[2023-01-16 17:42:33] local.INFO: App\Http\Controllers\Site\SiteController, method: index {"user":"Ольга Олеговна","request":[]} 
[2023-01-16 17:42:37] local.INFO: App\Http\Controllers\Documents\DocumentController, method: index {"user":"Ольга Олеговна","request":[]} 
[2023-01-16 17:44:52] local.INFO: App\Http\Controllers\Documents\DocumentController, method: index {"user":"Ольга Олеговна","request":[]} 
[2023-01-16 17:47:41] local.INFO: App\Http\Controllers\Documents\DocumentController, method: index {"user":"Ольга Олеговна","request":[]} 
[2023-01-16 17:49:09] local.INFO: App\Http\Controllers\Site\SiteController, method: index {"user":"Иван Иванович","request":[]} 
[2023-01-16 17:49:59] local.INFO: App\Http\Controllers\Tasks\TaskController, method: store {"user":"Иван Иванович","request":{"_token":"kWujKgQtqqKe0qEZ8VxagYf2XVpeuGLJLVvLTKAU","_method":"post","file_uuid":"983d505f-7b18-441f-bc06-2af28ea07feb","description":"Подготовить мотивированный ответ","priority_uuid":"31f5d1c3-178f-46ec-98e8-838a014575bc","responsible_uuid":"e75fb917-4d70-44d2-8560-c785aff50780","deadline_at":"2023-01-23T19:49"}} 
[2023-01-16 17:49:59] local.INFO: App\Http\Controllers\Tasks\TaskController, method: show {"user":"Иван Иванович","task":"983d5239-b926-475e-afa1-0cdf1d046adb"} 
[2023-01-16 17:50:16] local.INFO: App\Http\Controllers\Site\SiteController, method: index {"user":"Анатолий Иванович","request":[]} 
[2023-01-16 17:50:22] local.INFO: App\Http\Controllers\Tasks\TaskController, method: show {"user":"Анатолий Иванович","task":"983d5239-b926-475e-afa1-0cdf1d046adb"} 
[2023-01-16 17:50:24] local.INFO: App\Http\Controllers\Tasks\TaskController, method: create_subtask {"user":"Анатолий Иванович","task":"983d5239-b926-475e-afa1-0cdf1d046adb"} 
[2023-01-16 17:51:16] local.INFO: App\Http\Controllers\Tasks\TaskController, method: store {"user":"Анатолий Иванович","request":{"_token":"sXIamx0esOC0EFvAcCUt9z59Uho7SRl8v9UnLgKh","parent_uuid":"983d5239-b926-475e-afa1-0cdf1d046adb","priority_uuid":"31f5d1c3-178f-46ec-98e8-838a014575bc","deadline_at":"2023-01-16T17:50","description":"Получить заключение из ГИБДД","file_uuid":null,"responsible_uuid":"997b70af-8ffd-45e1-9937-02378284d93c"}} 
[2023-01-16 17:51:16] local.INFO: App\Http\Controllers\Tasks\TaskController, method: show {"user":"Анатолий Иванович","task":"983d52af-099b-48f0-9536-111b36a9be3f"} 
[2023-01-16 17:51:19] local.INFO: App\Http\Controllers\Tasks\TaskController, method: index {"user":"Анатолий Иванович","request":[]} 
[2023-01-16 17:51:24] local.INFO: App\Http\Controllers\Site\SiteController, method: index {"user":"Анатолий Иванович","request":[]} 
[2023-01-16 17:51:36] local.INFO: App\Http\Controllers\Site\SiteController, method: index {"user":"Артем Анатольевич","request":[]} 
[2023-01-16 17:51:45] local.INFO: App\Http\Controllers\Tasks\TaskController, method: show {"user":"Артем Анатольевич","task":"983d52af-099b-48f0-9536-111b36a9be3f"} 
[2023-01-16 17:52:09] local.INFO: App\Http\Controllers\Site\SiteController, method: index {"user":"Анатолий Иванович","request":[]} 
[2023-01-16 17:52:15] local.INFO: App\Http\Controllers\Tasks\TaskController, method: show {"user":"Анатолий Иванович","task":"983d5239-b926-475e-afa1-0cdf1d046adb"} 
[2023-01-16 17:52:16] local.INFO: App\Http\Controllers\Tasks\TaskController, method: create_subtask {"user":"Анатолий Иванович","task":"983d5239-b926-475e-afa1-0cdf1d046adb"} 
[2023-01-16 17:53:39] local.INFO: App\Http\Controllers\Tasks\TaskController, method: store {"user":"Анатолий Иванович","request":{"_token":"U0iIlpuoPGd80wwnMxV8MfaBcY8t86etdv6wJW5D","parent_uuid":"983d5239-b926-475e-afa1-0cdf1d046adb","priority_uuid":"31f5d1c3-178f-46ec-98e8-838a014575bc","deadline_at":"2023-01-16T17:52","description":"Подготовить справку об аварийности указанного перекрестка","file_uuid":null,"responsible_uuid":"871ccdbe-067e-45ad-9926-c723b08eaec4"}} 
[2023-01-16 17:53:39] local.INFO: App\Http\Controllers\Tasks\TaskController, method: show {"user":"Анатолий Иванович","task":"983d5389-5637-48bb-982c-4c8df135c30e"} 
[2023-01-16 17:54:08] local.INFO: App\Http\Controllers\Site\SiteController, method: index {"user":"Богдан Анатольевич","request":[]} 
[2023-01-16 17:54:25] local.INFO: App\Http\Controllers\Tasks\TaskController, method: show {"user":"Богдан Анатольевич","task":"983d5389-5637-48bb-982c-4c8df135c30e"} 
[2023-01-16 17:54:26] local.INFO: App\Http\Controllers\Tasks\TaskController, method: progress {"user":"Богдан Анатольевич","task":"983d5389-5637-48bb-982c-4c8df135c30e"} 
[2023-01-16 17:55:13] local.INFO: App\Http\Controllers\Tasks\TaskController, method: progress_update {"user":"Богдан Анатольевич","task":"983d5389-5637-48bb-982c-4c8df135c30e","request":{"_token":"R1Y5pVttkM3tRSUPVpFZlo5yQVUL20BTIdIvzvmk","_method":"patch","comment":"Справка будет готова в течение часа","done_progress":"90"}} 
[2023-01-16 17:55:13] local.INFO: App\Http\Controllers\Tasks\TaskController, method: show {"user":"Богдан Анатольевич","task":"983d5389-5637-48bb-982c-4c8df135c30e"} 
[2023-01-16 17:55:16] local.INFO: App\Http\Controllers\Site\SiteController, method: index {"user":"Богдан Анатольевич","request":[]} 
[2023-01-16 17:55:31] local.INFO: App\Http\Controllers\Site\SiteController, method: index {"user":"Анатолий Иванович","request":[]} 
[2023-01-16 17:55:35] local.INFO: App\Http\Controllers\Site\SiteController, method: index {"user":"Анатолий Иванович","request":[]} 
[2023-01-16 17:55:40] local.INFO: App\Http\Controllers\Tasks\TaskController, method: index {"user":"Анатолий Иванович","request":[]} 
[2023-01-16 17:55:56] local.INFO: App\Http\Controllers\Site\SiteController, method: index {"user":"Богдан Анатольевич","request":[]} 
[2023-01-16 17:55:59] local.INFO: App\Http\Controllers\Tasks\TaskController, method: show {"user":"Богдан Анатольевич","task":"983d5389-5637-48bb-982c-4c8df135c30e"} 
[2023-01-16 17:56:01] local.INFO: App\Http\Controllers\Tasks\TaskController, method: progress {"user":"Богдан Анатольевич","task":"983d5389-5637-48bb-982c-4c8df135c30e"} 
[2023-01-16 17:56:58] local.INFO: App\Http\Controllers\Tasks\TaskController, method: progress_update {"user":"Богдан Анатольевич","task":"983d5389-5637-48bb-982c-4c8df135c30e","request":{"_token":"MMju60tCoSoh9sp8afOqoFqjkoDedtFQfFGCdOPJ","_method":"patch","comment":"Справка готова. №25-а-177 от 15.01.2023","done_progress":"100"}} 
[2023-01-16 17:56:58] local.INFO: App\Http\Controllers\Tasks\TaskController, method: show {"user":"Богдан Анатольевич","task":"983d5389-5637-48bb-982c-4c8df135c30e"} 
[2023-01-16 17:57:00] local.INFO: App\Http\Controllers\Site\SiteController, method: index {"user":"Богдан Анатольевич","request":[]} 
[2023-01-16 17:57:02] local.INFO: App\Http\Controllers\Tasks\TaskController, method: index {"user":"Богдан Анатольевич","request":[]} 
[2023-01-16 18:02:32] local.INFO: App\Http\Controllers\Site\SiteController, method: index {"user":"Ольга Олеговна","request":[]} 
[2023-01-16 18:02:36] local.INFO: App\Http\Controllers\Documents\DocumentController, method: index {"user":"Ольга Олеговна","request":[]} 
[2023-01-16 18:03:18] local.INFO: App\Http\Controllers\Site\SiteController, method: index {"user":"Ольга Олеговна","request":[]} 
[2023-01-16 18:06:25] local.INFO: App\Http\Controllers\Site\SiteController, method: index {"user":"Ольга Олеговна","request":[]} 
[2023-01-16 18:06:28] local.INFO: App\Http\Controllers\Documents\DocumentController, method: index {"user":"Ольга Олеговна","request":[]} 
[2023-01-16 18:06:54] local.INFO: App\Http\Controllers\Documents\DocumentController, method: index {"user":"Ольга Олеговна","request":[]} 
[2023-01-16 18:51:06] local.INFO: App\Http\Controllers\Site\SiteController, method: index {"user":"Ольга Олеговна","request":[]} 
[2023-01-16 18:51:34] local.INFO: App\Http\Controllers\Documents\DocumentController, method: index {"user":"Ольга Олеговна","request":[]} 
[2023-01-16 18:53:03] local.INFO: App\Http\Controllers\Documents\DocumentController, method: index {"user":"Ольга Олеговна","request":[]} 
[2023-01-16 18:53:31] local.INFO: App\Http\Controllers\Site\SiteController, method: index {"user":"Иван Иванович","request":[]} 
[2023-01-16 18:54:16] local.INFO: App\Http\Controllers\Site\SiteController, method: index {"user":"Иван Иванович","request":[]} 
[2023-01-16 18:54:25] local.INFO: App\Http\Controllers\Tasks\TaskController, method: index {"user":"Иван Иванович","request":[]} 
[2023-01-16 18:54:37] local.INFO: App\Http\Controllers\Tasks\TaskController, method: show {"user":"Иван Иванович","task":"983d5239-b926-475e-afa1-0cdf1d046adb"} 
[2023-01-16 18:55:07] local.INFO: App\Http\Controllers\Site\SiteController, method: index {"user":"Анатолий Иванович","request":[]} 
[2023-01-16 18:55:28] local.INFO: App\Http\Controllers\Tasks\TaskController, method: index {"user":"Анатолий Иванович","request":[]} 
[2023-01-16 18:56:07] local.INFO: App\Http\Controllers\Site\SiteController, method: index {"user":"Артем Анатольевич","request":[]} 
[2023-01-16 18:56:13] local.INFO: App\Http\Controllers\Tasks\TaskController, method: index {"user":"Артем Анатольевич","request":[]} 
[2023-01-16 18:56:17] local.INFO: App\Http\Controllers\Site\SiteController, method: index {"user":"Артем Анатольевич","request":[]} 
[2023-01-16 18:56:20] local.INFO: App\Http\Controllers\Tasks\TaskController, method: show {"user":"Артем Анатольевич","task":"983d52af-099b-48f0-9536-111b36a9be3f"} 
[2023-01-16 18:56:35] local.INFO: App\Http\Controllers\Tasks\TaskController, method: show {"user":"Артем Анатольевич","task":"983d5239-b926-475e-afa1-0cdf1d046adb"} 
[2023-01-16 18:58:13] local.INFO: App\Http\Controllers\Tasks\TaskController, method: index {"user":"Артем Анатольевич","request":[]} 
[2023-01-16 18:58:16] local.INFO: App\Http\Controllers\Tasks\TaskController, method: show {"user":"Артем Анатольевич","task":"983d52af-099b-48f0-9536-111b36a9be3f"} 
[2023-01-16 18:58:18] local.INFO: App\Http\Controllers\Tasks\TaskController, method: progress {"user":"Артем Анатольевич","task":"983d52af-099b-48f0-9536-111b36a9be3f"} 
[2023-01-16 18:58:33] local.INFO: App\Http\Controllers\Tasks\TaskController, method: progress_update {"user":"Артем Анатольевич","task":"983d52af-099b-48f0-9536-111b36a9be3f","request":{"_token":"3lR5ppePmR6z1iBWpISxv9UCCWmD8roiOCTa5RUR","_method":"patch","comment":"Запрос отправлен","done_progress":"35"}} 
[2023-01-16 18:58:33] local.INFO: App\Http\Controllers\Tasks\TaskController, method: show {"user":"Артем Анатольевич","task":"983d52af-099b-48f0-9536-111b36a9be3f"} 
